#
# There is insufficient memory for the Java Runtime Environment to continue.
# Native memory allocation (mmap) failed to map 27262976 bytes for Failed to commit area from 0x0000000087e00000 to 0x0000000089800000 of length 27262976.
# Possible reasons:
#   The system is out of physical RAM or swap space
#   The process is running with CompressedOops enabled, and the Java Heap may be blocking the growth of the native heap
# Possible solutions:
#   Reduce memory load on the system
#   Increase physical memory or swap space
#   Check if swap backing store is full
#   Decrease Java heap size (-Xmx/-Xms)
#   Decrease number of Java threads
#   Decrease Java thread stack sizes (-Xss)
#   Set larger code cache with -XX:ReservedCodeCacheSize=
#   JVM is running with Unscaled Compressed Oops mode in which the Java heap is
#     placed in the first 4GB address space. The Java Heap base address is the
#     maximum limit for the native heap growth. Please use -XX:HeapBaseMinAddress
#     to set the Java Heap base and to place the Java Heap above 4GB virtual address.
# This output file may be truncated or incomplete.
#
#  Out of Memory Error (./src/hotspot/os/windows/os_windows.cpp:3303), pid=16764, tid=16020
#
# JRE version: OpenJDK Runtime Environment (11.0.8+10) (build 11.0.8+10-b944.6842174)
# Java VM: OpenJDK 64-Bit Server VM (11.0.8+10-b944.6842174, mixed mode, tiered, compressed oops, g1 gc, windows-amd64)
# No core dump will be written. Minidumps are not enabled by default on client versions of Windows
#

---------------  S U M M A R Y ------------

Command Line: --add-opens=java.base/java.util=ALL-UNNAMED --add-opens=java.base/java.lang=ALL-UNNAMED --add-opens=java.base/java.lang.invoke=ALL-UNNAMED --add-opens=java.prefs/java.util.prefs=ALL-UNNAMED -Xmx2048m -Dfile.encoding=UTF-8 -Duser.country=US -Duser.language=en -Duser.variant org.gradle.launcher.daemon.bootstrap.GradleDaemon 6.7.1

Host: Intel(R) Core(TM) i7-8550U CPU @ 1.80GHz, 8 cores, 7G,  Windows 10 , 64 bit Build 19041 (10.0.19041.928)
Time: Sat Jun 26 08:50:41 2021 Nepal Standard Time elapsed time: 6 seconds (0d 0h 0m 6s)

---------------  T H R E A D  ---------------

Current thread (0x0000023478b9d000):  VMThread "VM Thread" [stack: 0x000000c662100000,0x000000c662200000] [id=16020]

Stack: [0x000000c662100000,0x000000c662200000]
[error occurred during error reporting (printing stack bounds), id 0xc0000005, EXCEPTION_ACCESS_VIOLATION (0xc0000005) at pc=0x0000023461a60dad]

Native frames: (J=compiled Java code, j=interpreted, Vv=VM code, C=native code)
V  [jvm.dll+0x5de50a]
V  [jvm.dll+0x7122f5]
V  [jvm.dll+0x71384d]
V  [jvm.dll+0x713e65]
V  [jvm.dll+0x713e1b]
V  [jvm.dll+0x5dd958]
V  [jvm.dll+0x5de0f8]
C  [ntdll.dll+0xa207f]
C  [ntdll.dll+0x51454]
C  [ntdll.dll+0xa0bae]
C  0x0000023461a60dad

VM_Operation (0x000000c6637f1ac0): G1CollectForAllocation, mode: safepoint, requested by thread 0x000002347b0be000


---------------  P R O C E S S  ---------------

Threads class SMR info:
_java_thread_list=0x0000023479b224e0, length=137, elements={
0x000002345c918000, 0x0000023478b9f000, 0x0000023478ba0000, 0x0000023479534800,
0x0000023479535800, 0x0000023479536800, 0x000002347953f000, 0x0000023479540000,
0x000002347967c000, 0x00000234796ce000, 0x000002347a956000, 0x00000234797a9800,
0x000002347a7ab800, 0x000002347b484800, 0x000002347a548800, 0x000002347a144000,
0x000002347b9ce000, 0x000002347b0be000, 0x000002347c146000, 0x000002347c0d4800,
0x000002347b515800, 0x000002347b732800, 0x000002347b734800, 0x000002347b732000,
0x000002347b733800, 0x000002347d2fa800, 0x000002347d2f9800, 0x000002347d2f7000,
0x000002347ce81000, 0x000002347d2fb000, 0x000002347d2fc000, 0x000002347d2fd800,
0x000002347d2fe800, 0x000002347d2f8800, 0x000002347d2ff000, 0x000002347d305800,
0x000002347d300000, 0x000002347d304000, 0x000002347d301800, 0x000002347d305000,
0x000002347d301000, 0x000002347d302800, 0x000002347d303800, 0x000002347ef21000,
0x000002347ef24800, 0x000002347ef23000, 0x000002347ef23800, 0x000002347ef1e800,
0x000002347ef22000, 0x000002347ef25800, 0x000002347ef1f800, 0x000002347ef26000,
0x000002347ef20800, 0x000002347ef2a000, 0x000002347ef2c800, 0x000002347ef28800,
0x000002347ef29800, 0x000002347ef27000, 0x000002347ef2b000, 0x000002347ef2c000,
0x000002347ef27800, 0x000002347ef2d800, 0x000002347afc8800, 0x000002347afc7000,
0x000002347afc7800, 0x000002347afc4800, 0x000002347afc3800, 0x000002347afc9000,
0x000002347afca000, 0x000002347afcb000, 0x000002347afc5000, 0x000002347afcb800,
0x000002347afc6000, 0x000002347afcd800, 0x000002347afce000, 0x000002347afd0800,
0x000002347afcf800, 0x000002347afcc800, 0x000002347afcf000, 0x000002347afd2000,
0x000002347afd1800, 0x0000023479afa000, 0x0000023479af7000, 0x0000023479af8000,
0x0000023479af8800, 0x0000023479af9800, 0x0000023479afb000, 0x0000023479af5800,
0x0000023479afc000, 0x0000023479af6000, 0x0000023479aff000, 0x0000023479b02800,
0x0000023479afc800, 0x0000023479b00000, 0x0000023479b03000, 0x0000023479b01800,
0x0000023479b01000, 0x0000023479afd800, 0x0000023479b04000, 0x0000023479afe800,
0x000002347d43d000, 0x000002347d43d800, 0x000002347d438800, 0x000002347d43c000,
0x000002347d43f000, 0x000002347d439800, 0x000002347d43e800, 0x000002347d440000,
0x000002347d43a800, 0x000002347d441000, 0x000002347d43b000, 0x000002347d447800,
0x000002347d441800, 0x000002347d444000, 0x000002347d445800, 0x000002347d445000,
0x000002347d442800, 0x000002347d446800, 0x000002347d443800, 0x000002347eb35800,
0x000002347eb37800, 0x000002347eb3b000, 0x000002347eb39800, 0x000002347eb3c000,
0x000002347eb36000, 0x000002347eb3a000, 0x000002347eb3c800, 0x000002347eb37000,
0x000002347eb3d800, 0x000002347eb38800, 0x000002347eb43000, 0x000002347eb40000,
0x000002347eb3f000, 0x000002347eb44000, 0x000002347eb40800, 0x000002347eb3e000,
0x000002347eb41800
}

Java Threads: ( => current thread )
  0x000002345c918000 JavaThread "main" [_thread_blocked, id=12204, stack(0x000000c661b00000,0x000000c661c00000)]
  0x0000023478b9f000 JavaThread "Reference Handler" daemon [_thread_blocked, id=4244, stack(0x000000c662200000,0x000000c662300000)]
  0x0000023478ba0000 JavaThread "Finalizer" daemon [_thread_blocked, id=16936, stack(0x000000c662300000,0x000000c662400000)]
  0x0000023479534800 JavaThread "Signal Dispatcher" daemon [_thread_blocked, id=564, stack(0x000000c662400000,0x000000c662500000)]
  0x0000023479535800 JavaThread "Attach Listener" daemon [_thread_blocked, id=9760, stack(0x000000c662500000,0x000000c662600000)]
  0x0000023479536800 JavaThread "C2 CompilerThread0" daemon [_thread_blocked, id=13216, stack(0x000000c662600000,0x000000c662700000)]
  0x000002347953f000 JavaThread "C1 CompilerThread0" daemon [_thread_blocked, id=18408, stack(0x000000c662700000,0x000000c662800000)]
  0x0000023479540000 JavaThread "Sweeper thread" daemon [_thread_blocked, id=3104, stack(0x000000c662800000,0x000000c662900000)]
  0x000002347967c000 JavaThread "Common-Cleaner" daemon [_thread_blocked, id=4028, stack(0x000000c662900000,0x000000c662a00000)]
  0x00000234796ce000 JavaThread "Service Thread" daemon [_thread_blocked, id=2812, stack(0x000000c662a00000,0x000000c662b00000)]
  0x000002347a956000 JavaThread "Daemon health stats" [_thread_blocked, id=8684, stack(0x000000c663000000,0x000000c663100000)]
  0x00000234797a9800 JavaThread "C2 CompilerThread1" daemon [_thread_blocked, id=6452, stack(0x000000c663100000,0x000000c663200000)]
  0x000002347a7ab800 JavaThread "Incoming local TCP Connector on port 62404" [_thread_in_native, id=6980, stack(0x000000c663200000,0x000000c663300000)]
  0x000002347b484800 JavaThread "Daemon periodic checks" [_thread_blocked, id=11956, stack(0x000000c663300000,0x000000c663400000)]
  0x000002347a548800 JavaThread "Daemon" [_thread_blocked, id=8516, stack(0x000000c663400000,0x000000c663500000)]
  0x000002347a144000 JavaThread "Handler for socket connection from /127.0.0.1:62404 to /127.0.0.1:62405" [_thread_in_native, id=7324, stack(0x000000c663500000,0x000000c663600000)]
  0x000002347b9ce000 JavaThread "Cancel handler" [_thread_blocked, id=7680, stack(0x000000c663600000,0x000000c663700000)]
  0x000002347b0be000 JavaThread "Daemon worker" [_thread_blocked, id=10592, stack(0x000000c663700000,0x000000c663800000)]
  0x000002347c146000 JavaThread "Asynchronous log dispatcher for DefaultDaemonConnection: socket connection from /127.0.0.1:62404 to /127.0.0.1:62405" [_thread_blocked, id=18024, stack(0x000000c663800000,0x000000c663900000)]
  0x000002347c0d4800 JavaThread "Stdin handler" [_thread_blocked, id=13976, stack(0x000000c663900000,0x000000c663a00000)]
  0x000002347b515800 JavaThread "Thread-8" [_thread_blocked, id=11020, stack(0x000000c663a00000,0x000000c663b00000)]
  0x000002347b732800 JavaThread "Cache worker for file hash cache (C:\Users\DELL\.gradle\caches\6.7.1\fileHashes)" [_thread_blocked, id=18392, stack(0x000000c664000000,0x000000c664100000)]
  0x000002347b734800 JavaThread "File lock request listener" [_thread_in_native, id=3228, stack(0x000000c664100000,0x000000c664200000)]
  0x000002347b732000 JavaThread "Cache worker for journal cache (C:\Users\DELL\.gradle\caches\journal-1)" [_thread_blocked, id=7480, stack(0x000000c664300000,0x000000c664400000)]
  0x000002347b733800 JavaThread "Cache worker for file hash cache (C:\Users\DELL\AndroidStudioProjects\MyApplication2\.gradle\6.7.1\fileHashes)" [_thread_blocked, id=17440, stack(0x000000c664400000,0x000000c664500000)]
  0x000002347d2fa800 JavaThread "Cache worker for checksums cache (C:\Users\DELL\AndroidStudioProjects\MyApplication2\.gradle\checksums)" [_thread_blocked, id=7624, stack(0x000000c664500000,0x000000c664600000)]
  0x000002347d2f9800 JavaThread "Cache worker for cache directory md-supplier (C:\Users\DELL\.gradle\caches\6.7.1\md-supplier)" [_thread_blocked, id=5616, stack(0x000000c664600000,0x000000c664700000)]
  0x000002347d2f7000 JavaThread "Cache worker for cache directory md-rule (C:\Users\DELL\.gradle\caches\6.7.1\md-rule)" [_thread_blocked, id=5156, stack(0x000000c664700000,0x000000c664800000)]
  0x000002347ce81000 JavaThread "C2 CompilerThread2" daemon [_thread_blocked, id=17544, stack(0x000000c664800000,0x000000c664900000)]
  0x000002347d2fb000 JavaThread "Cache worker for execution history cache (C:\Users\DELL\.gradle\caches\6.7.1\executionHistory)" [_thread_blocked, id=7336, stack(0x000000c664900000,0x000000c664a00000)]
  0x000002347d2fc000 JavaThread "jar transforms" [_thread_blocked, id=13864, stack(0x000000c664a00000,0x000000c664b00000)]
  0x000002347d2fd800 JavaThread "Cache worker for file content cache (C:\Users\DELL\.gradle\caches\6.7.1\fileContent)" [_thread_blocked, id=17924, stack(0x000000c664b00000,0x000000c664c00000)]
  0x000002347d2fe800 JavaThread "Cache worker for Build Output Cleanup Cache (C:\Users\DELL\AndroidStudioProjects\MyApplication2\.gradle\buildOutputCleanup)" [_thread_blocked, id=11736, stack(0x000000c664c00000,0x000000c664d00000)]
  0x000002347d2f8800 JavaThread "Build operations" [_thread_blocked, id=17356, stack(0x000000c664d00000,0x000000c664e00000)]
  0x000002347d2ff000 JavaThread "Build operations Thread 2" [_thread_blocked, id=13832, stack(0x000000c664e00000,0x000000c664f00000)]
  0x000002347d305800 JavaThread "Build operations Thread 3" [_thread_blocked, id=11484, stack(0x000000c664f00000,0x000000c665000000)]
  0x000002347d300000 JavaThread "Build operations Thread 4" [_thread_blocked, id=15164, stack(0x000000c665000000,0x000000c665100000)]
  0x000002347d304000 JavaThread "Build operations Thread 5" [_thread_blocked, id=16196, stack(0x000000c665100000,0x000000c665200000)]
  0x000002347d301800 JavaThread "Build operations Thread 6" [_thread_blocked, id=13528, stack(0x000000c665200000,0x000000c665300000)]
  0x000002347d305000 JavaThread "Build operations Thread 7" [_thread_blocked, id=14668, stack(0x000000c665300000,0x000000c665400000)]
  0x000002347d301000 JavaThread "Build operations Thread 8" [_thread_blocked, id=1420, stack(0x000000c665400000,0x000000c665500000)]
  0x000002347d302800 JavaThread "jar transforms Thread 2" [_thread_blocked, id=10448, stack(0x000000c665500000,0x000000c665600000)]
  0x000002347d303800 JavaThread "jar transforms Thread 3" [_thread_blocked, id=3960, stack(0x000000c665600000,0x000000c665700000)]
  0x000002347ef21000 JavaThread "jar transforms Thread 4" [_thread_blocked, id=5560, stack(0x000000c665700000,0x000000c665800000)]
  0x000002347ef24800 JavaThread "jar transforms Thread 5" [_thread_blocked, id=11308, stack(0x000000c665800000,0x000000c665900000)]
  0x000002347ef23000 JavaThread "jar transforms Thread 6" [_thread_blocked, id=5652, stack(0x000000c665900000,0x000000c665a00000)]
  0x000002347ef23800 JavaThread "jar transforms Thread 7" [_thread_blocked, id=15464, stack(0x000000c665a00000,0x000000c665b00000)]
  0x000002347ef1e800 JavaThread "jar transforms Thread 8" [_thread_blocked, id=14576, stack(0x000000c665b00000,0x000000c665c00000)]
  0x000002347ef22000 JavaThread "jar transforms Thread 9" [_thread_blocked, id=17272, stack(0x000000c665c00000,0x000000c665d00000)]
  0x000002347ef25800 JavaThread "jar transforms Thread 10" [_thread_blocked, id=13852, stack(0x000000c665d00000,0x000000c665e00000)]
  0x000002347ef1f800 JavaThread "jar transforms Thread 11" [_thread_blocked, id=12316, stack(0x000000c665e00000,0x000000c665f00000)]
  0x000002347ef26000 JavaThread "jar transforms Thread 12" [_thread_blocked, id=14980, stack(0x000000c665f00000,0x000000c666000000)]
  0x000002347ef20800 JavaThread "jar transforms Thread 13" [_thread_blocked, id=9796, stack(0x000000c666000000,0x000000c666100000)]
  0x000002347ef2a000 JavaThread "jar transforms Thread 14" [_thread_blocked, id=2476, stack(0x000000c666100000,0x000000c666200000)]
  0x000002347ef2c800 JavaThread "jar transforms Thread 15" [_thread_blocked, id=10272, stack(0x000000c666200000,0x000000c666300000)]
  0x000002347ef28800 JavaThread "jar transforms Thread 16" [_thread_blocked, id=16948, stack(0x000000c666300000,0x000000c666400000)]
  0x000002347ef29800 JavaThread "jar transforms Thread 17" [_thread_blocked, id=8976, stack(0x000000c666400000,0x000000c666500000)]
  0x000002347ef27000 JavaThread "jar transforms Thread 18" [_thread_blocked, id=1512, stack(0x000000c666500000,0x000000c666600000)]
  0x000002347ef2b000 JavaThread "jar transforms Thread 19" [_thread_blocked, id=14200, stack(0x000000c666600000,0x000000c666700000)]
  0x000002347ef2c000 JavaThread "jar transforms Thread 20" [_thread_blocked, id=8236, stack(0x000000c666700000,0x000000c666800000)]
  0x000002347ef27800 JavaThread "jar transforms Thread 21" [_thread_blocked, id=964, stack(0x000000c666800000,0x000000c666900000)]
  0x000002347ef2d800 JavaThread "jar transforms Thread 22" [_thread_blocked, id=868, stack(0x000000c666900000,0x000000c666a00000)]
  0x000002347afc8800 JavaThread "jar transforms Thread 23" [_thread_blocked, id=13632, stack(0x000000c666a00000,0x000000c666b00000)]
  0x000002347afc7000 JavaThread "jar transforms Thread 24" [_thread_blocked, id=14444, stack(0x000000c666b00000,0x000000c666c00000)]
  0x000002347afc7800 JavaThread "jar transforms Thread 25" [_thread_blocked, id=5624, stack(0x000000c666c00000,0x000000c666d00000)]
  0x000002347afc4800 JavaThread "jar transforms Thread 26" [_thread_blocked, id=3892, stack(0x000000c666d00000,0x000000c666e00000)]
  0x000002347afc3800 JavaThread "jar transforms Thread 27" [_thread_blocked, id=11980, stack(0x000000c666e00000,0x000000c666f00000)]
  0x000002347afc9000 JavaThread "jar transforms Thread 28" [_thread_blocked, id=9836, stack(0x000000c666f00000,0x000000c667000000)]
  0x000002347afca000 JavaThread "jar transforms Thread 29" [_thread_blocked, id=15280, stack(0x000000c667000000,0x000000c667100000)]
  0x000002347afcb000 JavaThread "jar transforms Thread 30" [_thread_blocked, id=15256, stack(0x000000c667100000,0x000000c667200000)]
  0x000002347afc5000 JavaThread "jar transforms Thread 31" [_thread_blocked, id=4436, stack(0x000000c667200000,0x000000c667300000)]
  0x000002347afcb800 JavaThread "jar transforms Thread 32" [_thread_blocked, id=9576, stack(0x000000c667300000,0x000000c667400000)]
  0x000002347afc6000 JavaThread "jar transforms Thread 33" [_thread_blocked, id=18404, stack(0x000000c667400000,0x000000c667500000)]
  0x000002347afcd800 JavaThread "jar transforms Thread 34" [_thread_blocked, id=13968, stack(0x000000c667500000,0x000000c667600000)]
  0x000002347afce000 JavaThread "jar transforms Thread 35" [_thread_blocked, id=8936, stack(0x000000c667600000,0x000000c667700000)]
  0x000002347afd0800 JavaThread "jar transforms Thread 36" [_thread_blocked, id=8280, stack(0x000000c667700000,0x000000c667800000)]
  0x000002347afcf800 JavaThread "jar transforms Thread 37" [_thread_blocked, id=16344, stack(0x000000c667800000,0x000000c667900000)]
  0x000002347afcc800 JavaThread "jar transforms Thread 38" [_thread_blocked, id=11992, stack(0x000000c667900000,0x000000c667a00000)]
  0x000002347afcf000 JavaThread "jar transforms Thread 39" [_thread_blocked, id=17400, stack(0x000000c667a00000,0x000000c667b00000)]
  0x000002347afd2000 JavaThread "jar transforms Thread 40" [_thread_blocked, id=8104, stack(0x000000c667b00000,0x000000c667c00000)]
  0x000002347afd1800 JavaThread "jar transforms Thread 41" [_thread_blocked, id=17436, stack(0x000000c667c00000,0x000000c667d00000)]
  0x0000023479afa000 JavaThread "jar transforms Thread 42" [_thread_blocked, id=7188, stack(0x000000c667d00000,0x000000c667e00000)]
  0x0000023479af7000 JavaThread "jar transforms Thread 43" [_thread_blocked, id=10544, stack(0x000000c667e00000,0x000000c667f00000)]
  0x0000023479af8000 JavaThread "jar transforms Thread 44" [_thread_blocked, id=1448, stack(0x000000c667f00000,0x000000c668000000)]
  0x0000023479af8800 JavaThread "jar transforms Thread 45" [_thread_blocked, id=2248, stack(0x000000c668000000,0x000000c668100000)]
  0x0000023479af9800 JavaThread "jar transforms Thread 46" [_thread_blocked, id=3192, stack(0x000000c668100000,0x000000c668200000)]
  0x0000023479afb000 JavaThread "jar transforms Thread 47" [_thread_blocked, id=5164, stack(0x000000c668200000,0x000000c668300000)]
  0x0000023479af5800 JavaThread "jar transforms Thread 48" [_thread_blocked, id=15384, stack(0x000000c668300000,0x000000c668400000)]
  0x0000023479afc000 JavaThread "jar transforms Thread 49" [_thread_blocked, id=7804, stack(0x000000c668400000,0x000000c668500000)]
  0x0000023479af6000 JavaThread "jar transforms Thread 50" [_thread_blocked, id=13040, stack(0x000000c668500000,0x000000c668600000)]
  0x0000023479aff000 JavaThread "jar transforms Thread 51" [_thread_blocked, id=18052, stack(0x000000c668600000,0x000000c668700000)]
  0x0000023479b02800 JavaThread "jar transforms Thread 52" [_thread_blocked, id=14508, stack(0x000000c668700000,0x000000c668800000)]
  0x0000023479afc800 JavaThread "jar transforms Thread 53" [_thread_blocked, id=6492, stack(0x000000c668800000,0x000000c668900000)]
  0x0000023479b00000 JavaThread "jar transforms Thread 54" [_thread_blocked, id=2936, stack(0x000000c668900000,0x000000c668a00000)]
  0x0000023479b03000 JavaThread "jar transforms Thread 55" [_thread_blocked, id=9080, stack(0x000000c668a00000,0x000000c668b00000)]
  0x0000023479b01800 JavaThread "jar transforms Thread 56" [_thread_blocked, id=16340, stack(0x000000c668b00000,0x000000c668c00000)]
  0x0000023479b01000 JavaThread "jar transforms Thread 57" [_thread_blocked, id=10812, stack(0x000000c668c00000,0x000000c668d00000)]
  0x0000023479afd800 JavaThread "jar transforms Thread 58" [_thread_blocked, id=14504, stack(0x000000c668d00000,0x000000c668e00000)]
  0x0000023479b04000 JavaThread "jar transforms Thread 59" [_thread_blocked, id=18180, stack(0x000000c668e00000,0x000000c668f00000)]
  0x0000023479afe800 JavaThread "jar transforms Thread 60" [_thread_blocked, id=2256, stack(0x000000c668f00000,0x000000c669000000)]
  0x000002347d43d000 JavaThread "jar transforms Thread 61" [_thread_blocked, id=15212, stack(0x000000c669000000,0x000000c669100000)]
  0x000002347d43d800 JavaThread "jar transforms Thread 62" [_thread_blocked, id=13324, stack(0x000000c669100000,0x000000c669200000)]
  0x000002347d438800 JavaThread "jar transforms Thread 63" [_thread_blocked, id=6628, stack(0x000000c669200000,0x000000c669300000)]
  0x000002347d43c000 JavaThread "jar transforms Thread 64" [_thread_blocked, id=10120, stack(0x000000c669300000,0x000000c669400000)]
  0x000002347d43f000 JavaThread "jar transforms Thread 65" [_thread_blocked, id=13212, stack(0x000000c669400000,0x000000c669500000)]
  0x000002347d439800 JavaThread "jar transforms Thread 66" [_thread_blocked, id=16404, stack(0x000000c669500000,0x000000c669600000)]
  0x000002347d43e800 JavaThread "jar transforms Thread 67" [_thread_blocked, id=17740, stack(0x000000c669600000,0x000000c669700000)]
  0x000002347d440000 JavaThread "jar transforms Thread 68" [_thread_blocked, id=3000, stack(0x000000c669700000,0x000000c669800000)]
  0x000002347d43a800 JavaThread "jar transforms Thread 69" [_thread_blocked, id=8992, stack(0x000000c669800000,0x000000c669900000)]
  0x000002347d441000 JavaThread "jar transforms Thread 70" [_thread_blocked, id=8492, stack(0x000000c669900000,0x000000c669a00000)]
  0x000002347d43b000 JavaThread "jar transforms Thread 71" [_thread_blocked, id=6000, stack(0x000000c669a00000,0x000000c669b00000)]
  0x000002347d447800 JavaThread "jar transforms Thread 72" [_thread_blocked, id=14560, stack(0x000000c669b00000,0x000000c669c00000)]
  0x000002347d441800 JavaThread "jar transforms Thread 73" [_thread_blocked, id=8816, stack(0x000000c669c00000,0x000000c669d00000)]
  0x000002347d444000 JavaThread "jar transforms Thread 74" [_thread_blocked, id=10588, stack(0x000000c669d00000,0x000000c669e00000)]
  0x000002347d445800 JavaThread "jar transforms Thread 75" [_thread_blocked, id=9512, stack(0x000000c669e00000,0x000000c669f00000)]
  0x000002347d445000 JavaThread "jar transforms Thread 76" [_thread_blocked, id=864, stack(0x000000c669f00000,0x000000c66a000000)]
  0x000002347d442800 JavaThread "jar transforms Thread 77" [_thread_blocked, id=3504, stack(0x000000c66a000000,0x000000c66a100000)]
  0x000002347d446800 JavaThread "jar transforms Thread 78" [_thread_blocked, id=16932, stack(0x000000c66a100000,0x000000c66a200000)]
  0x000002347d443800 JavaThread "jar transforms Thread 79" [_thread_blocked, id=3484, stack(0x000000c66a200000,0x000000c66a300000)]
  0x000002347eb35800 JavaThread "jar transforms Thread 80" [_thread_blocked, id=1428, stack(0x000000c66a300000,0x000000c66a400000)]
  0x000002347eb37800 JavaThread "jar transforms Thread 81" [_thread_blocked, id=16332, stack(0x000000c66a400000,0x000000c66a500000)]
  0x000002347eb3b000 JavaThread "jar transforms Thread 82" [_thread_blocked, id=14420, stack(0x000000c66a500000,0x000000c66a600000)]
  0x000002347eb39800 JavaThread "jar transforms Thread 83" [_thread_blocked, id=15772, stack(0x000000c66a600000,0x000000c66a700000)]
  0x000002347eb3c000 JavaThread "jar transforms Thread 84" [_thread_blocked, id=9304, stack(0x000000c66a700000,0x000000c66a800000)]
  0x000002347eb36000 JavaThread "jar transforms Thread 85" [_thread_blocked, id=1824, stack(0x000000c66a800000,0x000000c66a900000)]
  0x000002347eb3a000 JavaThread "jar transforms Thread 86" [_thread_blocked, id=2644, stack(0x000000c66a900000,0x000000c66aa00000)]
  0x000002347eb3c800 JavaThread "jar transforms Thread 87" [_thread_blocked, id=4988, stack(0x000000c66aa00000,0x000000c66ab00000)]
  0x000002347eb37000 JavaThread "jar transforms Thread 88" [_thread_blocked, id=12284, stack(0x000000c66ab00000,0x000000c66ac00000)]
  0x000002347eb3d800 JavaThread "jar transforms Thread 89" [_thread_blocked, id=8884, stack(0x000000c66ac00000,0x000000c66ad00000)]
  0x000002347eb38800 JavaThread "jar transforms Thread 90" [_thread_blocked, id=13992, stack(0x000000c66ad00000,0x000000c66ae00000)]
  0x000002347eb43000 JavaThread "jar transforms Thread 91" [_thread_blocked, id=13888, stack(0x000000c66ae00000,0x000000c66af00000)]
  0x000002347eb40000 JavaThread "jar transforms Thread 92" [_thread_blocked, id=10356, stack(0x000000c66af00000,0x000000c66b000000)]
  0x000002347eb3f000 JavaThread "jar transforms Thread 93" [_thread_blocked, id=6680, stack(0x000000c66b000000,0x000000c66b100000)]
  0x000002347eb44000 JavaThread "jar transforms Thread 94" [_thread_blocked, id=3320, stack(0x000000c66b100000,0x000000c66b200000)]
  0x000002347eb40800 JavaThread "jar transforms Thread 95" [_thread_blocked, id=17424, stack(0x000000c66b200000,0x000000c66b300000)]
  0x000002347eb3e000 JavaThread "jar transforms Thread 96" [_thread_blocked, id=15688, stack(0x000000c66b300000,0x000000c66b400000)]
  0x000002347eb41800 JavaThread "jar transforms Thread 97" [_thread_blocked, id=352, stack(0x000000c66b400000,0x000000c66b500000)]

Other Threads:
=>0x0000023478b9d000 VMThread "VM Thread" [stack: 0x000000c662100000,0x000000c662200000] [id=16020]
  0x00000234796cf000 WatcherThread [stack: 0x000000c662b00000,0x000000c662c00000] [id=16176]
  0x000002345c92f800 GCTaskThread "GC Thread#0" [stack: 0x000000c661c00000,0x000000c661d00000] [id=2528]
  0x000002347a0a5800 GCTaskThread "GC Thread#1" [stack: 0x000000c662d00000,0x000000c662e00000] [id=772]
  0x000002347a028800 GCTaskThread "GC Thread#2" [stack: 0x000000c662e00000,0x000000c662f00000] [id=16132]
  0x000002347c254000 GCTaskThread "GC Thread#3" [stack: 0x000000c663b00000,0x000000c663c00000] [id=10988]
  0x000002347b8e3800 GCTaskThread "GC Thread#4" [stack: 0x000000c663c00000,0x000000c663d00000] [id=14932]
  0x000002347bb2a000 GCTaskThread "GC Thread#5" [stack: 0x000000c663d00000,0x000000c663e00000] [id=4688]
  0x000002347c81a800 GCTaskThread "GC Thread#6" [stack: 0x000000c663e00000,0x000000c663f00000] [id=9716]
  0x000002347c1eb000 GCTaskThread "GC Thread#7" [stack: 0x000000c663f00000,0x000000c664000000] [id=10940]
  0x000002345c963000 ConcurrentGCThread "G1 Main Marker" [stack: 0x000000c661d00000,0x000000c661e00000] [id=12920]
  0x000002345c965000 ConcurrentGCThread "G1 Conc#0" [stack: 0x000000c661e00000,0x000000c661f00000] [id=7148]
  0x000002347b4a1800 ConcurrentGCThread "G1 Conc#1" [stack: 0x000000c664200000,0x000000c664300000] [id=3704]
  0x00000234789f0800 ConcurrentGCThread "G1 Refine#0" [stack: 0x000000c661f00000,0x000000c662000000] [id=16284]
  0x00000234789f1000 ConcurrentGCThread "G1 Young RemSet Sampling" [stack: 0x000000c662000000,0x000000c662100000] [id=11108]

Threads with active compile tasks:
C2 CompilerThread0   6569 4215       4       groovy.lang.MetaClassImpl$1MOPIter::methodNameAction (325 bytes)

VM state:at safepoint (normal execution)

VM Mutex/Monitor currently owned by a thread:  ([mutex/lock_event])
[0x000002345c913b40] Threads_lock - owner thread: 0x0000023478b9d000
[0x000002345c915880] Heap_lock - owner thread: 0x000002347b0be000

Heap address: 0x0000000080000000, size: 2048 MB, Compressed Oops mode: 32-bit
Narrow klass base: 0x0000000000000000, Narrow klass shift: 3
Compressed class space size: 1073741824 Address: 0x0000000100000000

Heap:
 garbage-first heap   total 155648K, used 30237K [0x0000000080000000, 0x0000000100000000)
  region size 1024K, 8 young (8192K), 8 survivors (8192K)
 Metaspace       used 44249K, capacity 45254K, committed 45516K, reserved 1089536K
  class space    used 5678K, capacity 6028K, committed 6144K, reserved 1048576K
Heap Regions: E=young(eden), S=young(survivor), O=old, HS=humongous(starts), HC=humongous(continues), CS=collection set, F=free, A=archive, TAMS=top-at-mark-start (previous, next)
|   0|0x0000000080000000, 0x0000000080100000, 0x0000000080100000|100%| O|  |TAMS 0x0000000080100000, 0x0000000080000000| Untracked 
|   1|0x0000000080100000, 0x0000000080200000, 0x0000000080200000|100%| O|  |TAMS 0x0000000080200000, 0x0000000080100000| Untracked 
|   2|0x0000000080200000, 0x0000000080300000, 0x0000000080300000|100%| O|  |TAMS 0x0000000080300000, 0x0000000080200000| Untracked 
|   3|0x0000000080300000, 0x0000000080400000, 0x0000000080400000|100%|HS|  |TAMS 0x0000000080400000, 0x0000000080300000| Complete 
|   4|0x0000000080400000, 0x0000000080500000, 0x0000000080500000|100%|HC|  |TAMS 0x0000000080500000, 0x0000000080400000| Complete 
|   5|0x0000000080500000, 0x0000000080600000, 0x0000000080600000|100%|HC|  |TAMS 0x0000000080600000, 0x0000000080500000| Complete 
|   6|0x0000000080600000, 0x0000000080700000, 0x0000000080700000|100%| O|  |TAMS 0x0000000080700000, 0x0000000080600000| Untracked 
|   7|0x0000000080700000, 0x0000000080800000, 0x0000000080800000|100%| O|  |TAMS 0x0000000080800000, 0x0000000080700000| Untracked 
|   8|0x0000000080800000, 0x0000000080900000, 0x0000000080900000|100%| O|  |TAMS 0x0000000080900000, 0x0000000080800000| Untracked 
|   9|0x0000000080900000, 0x0000000080a00000, 0x0000000080a00000|100%| O|  |TAMS 0x0000000080a00000, 0x0000000080900000| Untracked 
|  10|0x0000000080a00000, 0x0000000080b00000, 0x0000000080b00000|100%| O|  |TAMS 0x0000000080b00000, 0x0000000080a00000| Untracked 
|  11|0x0000000080b00000, 0x0000000080c00000, 0x0000000080c00000|100%| O|  |TAMS 0x0000000080c00000, 0x0000000080b00000| Untracked 
|  12|0x0000000080c00000, 0x0000000080d00000, 0x0000000080d00000|100%| O|  |TAMS 0x0000000080d00000, 0x0000000080c00000| Untracked 
|  13|0x0000000080d00000, 0x0000000080e00000, 0x0000000080e00000|100%| O|  |TAMS 0x0000000080e00000, 0x0000000080d00000| Untracked 
|  14|0x0000000080e00000, 0x0000000080f00000, 0x0000000080f00000|100%| O|  |TAMS 0x0000000080ef8800, 0x0000000080e00000| Untracked 
|  15|0x0000000080f00000, 0x0000000081000000, 0x0000000081000000|100%|HS|  |TAMS 0x0000000080f00000, 0x0000000080f00000| Complete 
|  16|0x0000000081000000, 0x0000000081100000, 0x0000000081100000|100%| O|  |TAMS 0x0000000081000000, 0x0000000081000000| Untracked 
|  17|0x0000000081100000, 0x0000000081200000, 0x0000000081200000|100%| O|  |TAMS 0x0000000081100000, 0x0000000081100000| Untracked 
|  18|0x0000000081200000, 0x000000008128ea00, 0x0000000081300000| 55%| O|  |TAMS 0x0000000081200000, 0x0000000081200000| Untracked 
|  19|0x0000000081300000, 0x0000000081400000, 0x0000000081400000|100%| O|  |TAMS 0x0000000081300000, 0x0000000081300000| Untracked 
|  20|0x0000000081400000, 0x0000000081500000, 0x0000000081500000|100%| O|  |TAMS 0x0000000081400000, 0x0000000081400000| Untracked 
|  21|0x0000000081500000, 0x0000000081600000, 0x0000000081600000|100%| O|  |TAMS 0x0000000081500000, 0x0000000081500000| Untracked 
|  22|0x0000000081600000, 0x0000000081600000, 0x0000000081700000|  0%| F|  |TAMS 0x0000000081600000, 0x0000000081600000| Untracked 
|  23|0x0000000081700000, 0x0000000081700000, 0x0000000081800000|  0%| F|  |TAMS 0x0000000081700000, 0x0000000081700000| Untracked 
|  24|0x0000000081800000, 0x0000000081800000, 0x0000000081900000|  0%| F|  |TAMS 0x0000000081800000, 0x0000000081800000| Untracked 
|  25|0x0000000081900000, 0x0000000081900000, 0x0000000081a00000|  0%| F|  |TAMS 0x0000000081900000, 0x0000000081900000| Untracked 
|  26|0x0000000081a00000, 0x0000000081a00000, 0x0000000081b00000|  0%| F|  |TAMS 0x0000000081a00000, 0x0000000081a00000| Untracked 
|  27|0x0000000081b00000, 0x0000000081b00000, 0x0000000081c00000|  0%| F|  |TAMS 0x0000000081b00000, 0x0000000081b00000| Untracked 
|  28|0x0000000081c00000, 0x0000000081c00000, 0x0000000081d00000|  0%| F|  |TAMS 0x0000000081c00000, 0x0000000081c00000| Untracked 
|  29|0x0000000081d00000, 0x0000000081d00000, 0x0000000081e00000|  0%| F|  |TAMS 0x0000000081d00000, 0x0000000081d00000| Untracked 
|  30|0x0000000081e00000, 0x0000000081e00000, 0x0000000081f00000|  0%| F|  |TAMS 0x0000000081e00000, 0x0000000081e00000| Untracked 
|  31|0x0000000081f00000, 0x0000000081f00000, 0x0000000082000000|  0%| F|  |TAMS 0x0000000081f00000, 0x0000000081f00000| Untracked 
|  32|0x0000000082000000, 0x0000000082000000, 0x0000000082100000|  0%| F|  |TAMS 0x0000000082000000, 0x0000000082000000| Untracked 
|  33|0x0000000082100000, 0x0000000082100000, 0x0000000082200000|  0%| F|  |TAMS 0x0000000082100000, 0x0000000082100000| Untracked 
|  34|0x0000000082200000, 0x0000000082200000, 0x0000000082300000|  0%| F|  |TAMS 0x0000000082200000, 0x0000000082200000| Untracked 
|  35|0x0000000082300000, 0x0000000082300000, 0x0000000082400000|  0%| F|  |TAMS 0x0000000082300000, 0x0000000082300000| Untracked 
|  36|0x0000000082400000, 0x0000000082400000, 0x0000000082500000|  0%| F|  |TAMS 0x0000000082400000, 0x0000000082400000| Untracked 
|  37|0x0000000082500000, 0x0000000082500000, 0x0000000082600000|  0%| F|  |TAMS 0x0000000082500000, 0x0000000082500000| Untracked 
|  38|0x0000000082600000, 0x0000000082600000, 0x0000000082700000|  0%| F|  |TAMS 0x0000000082600000, 0x0000000082600000| Untracked 
|  39|0x0000000082700000, 0x0000000082700000, 0x0000000082800000|  0%| F|  |TAMS 0x0000000082700000, 0x0000000082700000| Untracked 
|  40|0x0000000082800000, 0x0000000082800000, 0x0000000082900000|  0%| F|  |TAMS 0x0000000082800000, 0x0000000082800000| Untracked 
|  41|0x0000000082900000, 0x0000000082900000, 0x0000000082a00000|  0%| F|  |TAMS 0x0000000082900000, 0x0000000082900000| Untracked 
|  42|0x0000000082a00000, 0x0000000082a00000, 0x0000000082b00000|  0%| F|  |TAMS 0x0000000082a00000, 0x0000000082a00000| Untracked 
|  43|0x0000000082b00000, 0x0000000082b00000, 0x0000000082c00000|  0%| F|  |TAMS 0x0000000082b00000, 0x0000000082b00000| Untracked 
|  44|0x0000000082c00000, 0x0000000082c00000, 0x0000000082d00000|  0%| F|  |TAMS 0x0000000082c00000, 0x0000000082c00000| Untracked 
|  45|0x0000000082d00000, 0x0000000082d00000, 0x0000000082e00000|  0%| F|  |TAMS 0x0000000082d00000, 0x0000000082d00000| Untracked 
|  46|0x0000000082e00000, 0x0000000082e00000, 0x0000000082f00000|  0%| F|  |TAMS 0x0000000082e00000, 0x0000000082e00000| Untracked 
|  47|0x0000000082f00000, 0x0000000082f00000, 0x0000000083000000|  0%| F|  |TAMS 0x0000000082f00000, 0x0000000082f00000| Untracked 
|  48|0x0000000083000000, 0x0000000083000000, 0x0000000083100000|  0%| F|  |TAMS 0x0000000083000000, 0x0000000083000000| Untracked 
|  49|0x0000000083100000, 0x0000000083100000, 0x0000000083200000|  0%| F|  |TAMS 0x0000000083100000, 0x0000000083100000| Untracked 
|  50|0x0000000083200000, 0x00000000832f8d08, 0x0000000083300000| 97%| S|CS|TAMS 0x0000000083200000, 0x0000000083200000| Complete 
|  51|0x0000000083300000, 0x0000000083400000, 0x0000000083400000|100%| S|CS|TAMS 0x0000000083300000, 0x0000000083300000| Complete 
|  52|0x0000000083400000, 0x0000000083500000, 0x0000000083500000|100%| S|CS|TAMS 0x0000000083400000, 0x0000000083400000| Complete 
|  53|0x0000000083500000, 0x0000000083500000, 0x0000000083600000|  0%| F|  |TAMS 0x0000000083500000, 0x0000000083500000| Untracked 
|  54|0x0000000083600000, 0x0000000083600000, 0x0000000083700000|  0%| F|  |TAMS 0x0000000083600000, 0x0000000083600000| Untracked 
|  55|0x0000000083700000, 0x0000000083700000, 0x0000000083800000|  0%| F|  |TAMS 0x0000000083700000, 0x0000000083700000| Untracked 
|  56|0x0000000083800000, 0x0000000083800000, 0x0000000083900000|  0%| F|  |TAMS 0x0000000083800000, 0x0000000083800000| Untracked 
|  57|0x0000000083900000, 0x0000000083900000, 0x0000000083a00000|  0%| F|  |TAMS 0x0000000083900000, 0x0000000083900000| Untracked 
|  58|0x0000000083a00000, 0x0000000083a00000, 0x0000000083b00000|  0%| F|  |TAMS 0x0000000083a00000, 0x0000000083a00000| Untracked 
|  59|0x0000000083b00000, 0x0000000083b00000, 0x0000000083c00000|  0%| F|  |TAMS 0x0000000083b00000, 0x0000000083b00000| Untracked 
|  60|0x0000000083c00000, 0x0000000083d00000, 0x0000000083d00000|100%| S|CS|TAMS 0x0000000083c00000, 0x0000000083c00000| Complete 
|  61|0x0000000083d00000, 0x0000000083e00000, 0x0000000083e00000|100%| S|CS|TAMS 0x0000000083d00000, 0x0000000083d00000| Complete 
|  62|0x0000000083e00000, 0x0000000083f00000, 0x0000000083f00000|100%| S|CS|TAMS 0x0000000083e00000, 0x0000000083e00000| Complete 
|  63|0x0000000083f00000, 0x0000000084000000, 0x0000000084000000|100%| S|CS|TAMS 0x0000000083f00000, 0x0000000083f00000| Complete 
|  64|0x0000000084000000, 0x0000000084100000, 0x0000000084100000|100%| S|CS|TAMS 0x0000000084000000, 0x0000000084000000| Complete 
|  65|0x0000000084100000, 0x0000000084100000, 0x0000000084200000|  0%| F|  |TAMS 0x0000000084100000, 0x0000000084100000| Untracked 
|  66|0x0000000084200000, 0x0000000084200000, 0x0000000084300000|  0%| F|  |TAMS 0x0000000084200000, 0x0000000084200000| Untracked 
|  67|0x0000000084300000, 0x0000000084300000, 0x0000000084400000|  0%| F|  |TAMS 0x0000000084300000, 0x0000000084300000| Untracked 
|  68|0x0000000084400000, 0x0000000084400000, 0x0000000084500000|  0%| F|  |TAMS 0x0000000084400000, 0x0000000084400000| Untracked 
|  69|0x0000000084500000, 0x0000000084500000, 0x0000000084600000|  0%| F|  |TAMS 0x0000000084500000, 0x0000000084500000| Untracked 
|  70|0x0000000084600000, 0x0000000084600000, 0x0000000084700000|  0%| F|  |TAMS 0x0000000084600000, 0x0000000084600000| Untracked 
|  71|0x0000000084700000, 0x0000000084700000, 0x0000000084800000|  0%| F|  |TAMS 0x0000000084700000, 0x0000000084700000| Untracked 
|  72|0x0000000084800000, 0x0000000084800000, 0x0000000084900000|  0%| F|  |TAMS 0x0000000084800000, 0x0000000084800000| Untracked 
|  73|0x0000000084900000, 0x0000000084900000, 0x0000000084a00000|  0%| F|  |TAMS 0x0000000084900000, 0x0000000084900000| Untracked 
|  74|0x0000000084a00000, 0x0000000084a00000, 0x0000000084b00000|  0%| F|  |TAMS 0x0000000084a00000, 0x0000000084a00000| Untracked 
|  75|0x0000000084b00000, 0x0000000084b00000, 0x0000000084c00000|  0%| F|  |TAMS 0x0000000084b00000, 0x0000000084b00000| Untracked 
|  76|0x0000000084c00000, 0x0000000084c00000, 0x0000000084d00000|  0%| F|  |TAMS 0x0000000084c00000, 0x0000000084c00000| Untracked 
|  77|0x0000000084d00000, 0x0000000084d00000, 0x0000000084e00000|  0%| F|  |TAMS 0x0000000084d00000, 0x0000000084d00000| Untracked 
|  78|0x0000000084e00000, 0x0000000084e00000, 0x0000000084f00000|  0%| F|  |TAMS 0x0000000084e00000, 0x0000000084e00000| Untracked 
|  79|0x0000000084f00000, 0x0000000084f00000, 0x0000000085000000|  0%| F|  |TAMS 0x0000000084f00000, 0x0000000084f00000| Untracked 
|  80|0x0000000085000000, 0x0000000085000000, 0x0000000085100000|  0%| F|  |TAMS 0x0000000085000000, 0x0000000085000000| Untracked 
|  81|0x0000000085100000, 0x0000000085100000, 0x0000000085200000|  0%| F|  |TAMS 0x0000000085100000, 0x0000000085100000| Untracked 
|  82|0x0000000085200000, 0x0000000085200000, 0x0000000085300000|  0%| F|  |TAMS 0x0000000085200000, 0x0000000085200000| Untracked 
|  83|0x0000000085300000, 0x0000000085300000, 0x0000000085400000|  0%| F|  |TAMS 0x0000000085300000, 0x0000000085300000| Untracked 
|  84|0x0000000085400000, 0x0000000085400000, 0x0000000085500000|  0%| F|  |TAMS 0x0000000085400000, 0x0000000085400000| Untracked 
|  85|0x0000000085500000, 0x0000000085500000, 0x0000000085600000|  0%| F|  |TAMS 0x0000000085500000, 0x0000000085500000| Untracked 
|  86|0x0000000085600000, 0x0000000085600000, 0x0000000085700000|  0%| F|  |TAMS 0x0000000085600000, 0x0000000085600000| Untracked 
|  87|0x0000000085700000, 0x0000000085700000, 0x0000000085800000|  0%| F|  |TAMS 0x0000000085700000, 0x0000000085700000| Untracked 
|  88|0x0000000085800000, 0x0000000085800000, 0x0000000085900000|  0%| F|  |TAMS 0x0000000085800000, 0x0000000085800000| Untracked 
|  89|0x0000000085900000, 0x0000000085900000, 0x0000000085a00000|  0%| F|  |TAMS 0x0000000085900000, 0x0000000085900000| Untracked 
|  90|0x0000000085a00000, 0x0000000085a00000, 0x0000000085b00000|  0%| F|  |TAMS 0x0000000085a00000, 0x0000000085a00000| Untracked 
|  91|0x0000000085b00000, 0x0000000085b00000, 0x0000000085c00000|  0%| F|  |TAMS 0x0000000085b00000, 0x0000000085b00000| Untracked 
|  92|0x0000000085c00000, 0x0000000085c00000, 0x0000000085d00000|  0%| F|  |TAMS 0x0000000085c00000, 0x0000000085c00000| Untracked 
|  93|0x0000000085d00000, 0x0000000085d00000, 0x0000000085e00000|  0%| F|  |TAMS 0x0000000085d00000, 0x0000000085d00000| Untracked 
|  94|0x0000000085e00000, 0x0000000085e00000, 0x0000000085f00000|  0%| F|  |TAMS 0x0000000085e00000, 0x0000000085e00000| Untracked 
|  95|0x0000000085f00000, 0x0000000085f00000, 0x0000000086000000|  0%| F|  |TAMS 0x0000000085f00000, 0x0000000085f00000| Untracked 
|  96|0x0000000086000000, 0x0000000086000000, 0x0000000086100000|  0%| F|  |TAMS 0x0000000086000000, 0x0000000086000000| Untracked 
|  97|0x0000000086100000, 0x0000000086100000, 0x0000000086200000|  0%| F|  |TAMS 0x0000000086100000, 0x0000000086100000| Untracked 
|  98|0x0000000086200000, 0x0000000086200000, 0x0000000086300000|  0%| F|  |TAMS 0x0000000086200000, 0x0000000086200000| Untracked 
|  99|0x0000000086300000, 0x0000000086300000, 0x0000000086400000|  0%| F|  |TAMS 0x0000000086300000, 0x0000000086300000| Untracked 
| 100|0x0000000086400000, 0x0000000086400000, 0x0000000086500000|  0%| F|  |TAMS 0x0000000086400000, 0x0000000086400000| Untracked 
| 101|0x0000000086500000, 0x0000000086500000, 0x0000000086600000|  0%| F|  |TAMS 0x0000000086500000, 0x0000000086500000| Untracked 
| 102|0x0000000086600000, 0x0000000086600000, 0x0000000086700000|  0%| F|  |TAMS 0x0000000086600000, 0x0000000086600000| Untracked 
| 103|0x0000000086700000, 0x0000000086700000, 0x0000000086800000|  0%| F|  |TAMS 0x0000000086700000, 0x0000000086700000| Untracked 
| 104|0x0000000086800000, 0x0000000086800000, 0x0000000086900000|  0%| F|  |TAMS 0x0000000086800000, 0x0000000086800000| Untracked 
| 105|0x0000000086900000, 0x0000000086900000, 0x0000000086a00000|  0%| F|  |TAMS 0x0000000086900000, 0x0000000086900000| Untracked 
| 106|0x0000000086a00000, 0x0000000086a00000, 0x0000000086b00000|  0%| F|  |TAMS 0x0000000086a00000, 0x0000000086a00000| Untracked 
| 107|0x0000000086b00000, 0x0000000086b00000, 0x0000000086c00000|  0%| F|  |TAMS 0x0000000086b00000, 0x0000000086b00000| Untracked 
| 108|0x0000000086c00000, 0x0000000086c00000, 0x0000000086d00000|  0%| F|  |TAMS 0x0000000086c00000, 0x0000000086c00000| Untracked 
| 109|0x0000000086d00000, 0x0000000086d00000, 0x0000000086e00000|  0%| F|  |TAMS 0x0000000086d00000, 0x0000000086d00000| Untracked 
| 110|0x0000000086e00000, 0x0000000086e00000, 0x0000000086f00000|  0%| F|  |TAMS 0x0000000086e00000, 0x0000000086e00000| Untracked 
| 111|0x0000000086f00000, 0x0000000086f00000, 0x0000000087000000|  0%| F|  |TAMS 0x0000000086f00000, 0x0000000086f00000| Untracked 
| 112|0x0000000087000000, 0x0000000087000000, 0x0000000087100000|  0%| F|  |TAMS 0x0000000087000000, 0x0000000087000000| Untracked 
| 113|0x0000000087100000, 0x0000000087100000, 0x0000000087200000|  0%| F|  |TAMS 0x0000000087100000, 0x0000000087100000| Untracked 
| 114|0x0000000087200000, 0x0000000087200000, 0x0000000087300000|  0%| F|  |TAMS 0x0000000087200000, 0x0000000087200000| Untracked 
| 115|0x0000000087300000, 0x0000000087300000, 0x0000000087400000|  0%| F|  |TAMS 0x0000000087300000, 0x0000000087300000| Untracked 
| 116|0x0000000087400000, 0x0000000087400000, 0x0000000087500000|  0%| F|  |TAMS 0x0000000087400000, 0x0000000087400000| Untracked 
| 117|0x0000000087500000, 0x0000000087500000, 0x0000000087600000|  0%| F|  |TAMS 0x0000000087500000, 0x0000000087500000| Untracked 
| 118|0x0000000087600000, 0x0000000087600000, 0x0000000087700000|  0%| F|  |TAMS 0x0000000087600000, 0x0000000087600000| Untracked 
| 119|0x0000000087700000, 0x0000000087700000, 0x0000000087800000|  0%| F|  |TAMS 0x0000000087700000, 0x0000000087700000| Untracked 
| 120|0x0000000087800000, 0x0000000087800000, 0x0000000087900000|  0%| F|  |TAMS 0x0000000087800000, 0x0000000087800000| Untracked 
| 121|0x0000000087900000, 0x0000000087900000, 0x0000000087a00000|  0%| F|  |TAMS 0x0000000087900000, 0x0000000087900000| Untracked 
| 122|0x0000000087a00000, 0x0000000087a00000, 0x0000000087b00000|  0%| F|  |TAMS 0x0000000087a00000, 0x0000000087a00000| Untracked 
| 123|0x0000000087b00000, 0x0000000087b00000, 0x0000000087c00000|  0%| F|  |TAMS 0x0000000087b00000, 0x0000000087b00000| Untracked 
| 124|0x0000000087c00000, 0x0000000087c00000, 0x0000000087d00000|  0%| F|  |TAMS 0x0000000087c00000, 0x0000000087c00000| Untracked 
| 125|0x0000000087d00000, 0x0000000087d00000, 0x0000000087e00000|  0%| F|  |TAMS 0x0000000087d00000, 0x0000000087d00000| Untracked 

Card table byte_map: [0x00000234718d0000,0x0000023471cd0000] _byte_map_base: 0x00000234714d0000

Marking Bits (Prev, Next): (CMBitMap*) 0x000002345c95a018, (CMBitMap*) 0x000002345c95a050
 Prev Bits: [0x00000234720d0000, 0x00000234740d0000)
 Next Bits: [0x00000234740d0000, 0x00000234760d0000)

Polling page: 0x000002345c7f0000

Metaspace:

Usage:
  Non-class:     38.31 MB capacity,    37.67 MB ( 98%) used,   557.84 KB (  1%) free+waste,    97.38 KB ( <1%) overhead. 
      Class:      5.89 MB capacity,     5.55 MB ( 94%) used,   302.80 KB (  5%) free+waste,    46.63 KB ( <1%) overhead. 
       Both:     44.19 MB capacity,    43.21 MB ( 98%) used,   860.64 KB (  2%) free+waste,   144.00 KB ( <1%) overhead. 

Virtual space:
  Non-class space:       40.00 MB reserved,      38.45 MB ( 96%) committed 
      Class space:        1.00 GB reserved,       6.00 MB ( <1%) committed 
             Both:        1.04 GB reserved,      44.45 MB (  4%) committed 

Chunk freelists:
   Non-Class:  18.00 KB
       Class:  0 bytes
        Both:  18.00 KB

MaxMetaspaceSize: 17179869184.00 GB
CompressedClassSpaceSize: 1.00 GB

CodeHeap 'non-profiled nmethods': size=120000Kb used=2328Kb max_used=2328Kb free=117671Kb
 bounds [0x0000023469530000, 0x00000234697a0000, 0x0000023470a60000]
CodeHeap 'profiled nmethods': size=120000Kb used=8066Kb max_used=8066Kb free=111933Kb
 bounds [0x0000023462000000, 0x00000234627f0000, 0x0000023469530000]
CodeHeap 'non-nmethods': size=5760Kb used=2195Kb max_used=2243Kb free=3564Kb
 bounds [0x0000023461a60000, 0x0000023461cd0000, 0x0000023462000000]
 total_blobs=4840 nmethods=4081 adapters=670
 compilation: enabled
              stopped_count=0, restarted_count=0
 full_count=0

Compilation events (20 events):
Event: 6.509 Thread 0x000002347953f000 4223       3       org.codehaus.groovy.reflection.CachedClass$3::initValue (232 bytes)
Event: 6.512 Thread 0x000002347953f000 nmethod 4223 0x00000234627d5610 code [0x00000234627d5ac0, 0x00000234627d7fa8]
Event: 6.512 Thread 0x000002347953f000 4230       3       java.util.zip.ZipFile$Source::initCEN (658 bytes)
Event: 6.517 Thread 0x000002347953f000 nmethod 4230 0x00000234627d8e10 code [0x00000234627d9460, 0x00000234627dcdc8]
Event: 6.517 Thread 0x000002347953f000 4225   !   3       org.codehaus.groovy.reflection.stdclasses.CachedSAMClass::getSAMMethodImpl (181 bytes)
Event: 6.518 Thread 0x00000234797a9800 nmethod 4209 0x0000023469773210 code [0x0000023469773460, 0x0000023469773d50]
Event: 6.518 Thread 0x00000234797a9800 4226       4       org.codehaus.groovy.runtime.metaclass.MetaMethodIndex::isMatchingMethod (65 bytes)
Event: 6.519 Thread 0x000002347953f000 nmethod 4225 0x00000234627de810 code [0x00000234627dec40, 0x00000234627e0948]
Event: 6.519 Thread 0x000002347953f000 4224       1       org.codehaus.groovy.reflection.CachedClass::isInterface (5 bytes)
Event: 6.519 Thread 0x000002347953f000 nmethod 4224 0x0000023469774590 code [0x0000023469774740, 0x00000234697747f8]
Event: 6.519 Thread 0x000002347953f000 4229       3       java.util.concurrent.locks.ReentrantLock::tryLock (9 bytes)
Event: 6.519 Thread 0x000002347953f000 nmethod 4229 0x00000234627e1290 code [0x00000234627e1440, 0x00000234627e1588]
Event: 6.519 Thread 0x000002347953f000 4228       1       groovy.lang.MetaClassImpl$MethodIndexAction::skipClass (2 bytes)
Event: 6.519 Thread 0x000002347953f000 nmethod 4228 0x0000023469774890 code [0x0000023469774a40, 0x0000023469774af8]
Event: 6.521 Thread 0x00000234797a9800 nmethod 4226 0x0000023469774b90 code [0x0000023469774d40, 0x0000023469774ed8]
Event: 6.521 Thread 0x00000234797a9800 4227       4       java.util.LinkedList$ListItr::checkForComodification (23 bytes)
Event: 6.522 Thread 0x00000234797a9800 nmethod 4227 0x0000023469775090 code [0x0000023469775220, 0x00000234697752b8]
Event: 6.523 Thread 0x000002347ce81000 nmethod 4220 0x0000023469775390 code [0x0000023469775560, 0x0000023469776018]
Event: 6.526 Thread 0x000002347953f000 4231       3       jdk.internal.misc.Unsafe::checkNativeAddress (28 bytes)
Event: 6.526 Thread 0x000002347953f000 nmethod 4231 0x00000234627e1690 code [0x00000234627e1840, 0x00000234627e1958]

GC Heap History (13 events):
Event: 0.814 GC heap before
{Heap before GC invocations=0 (full 0):
 garbage-first heap   total 129024K, used 29696K [0x0000000080000000, 0x0000000100000000)
  region size 1024K, 24 young (24576K), 0 survivors (0K)
 Metaspace       used 10388K, capacity 10580K, committed 10752K, reserved 1058816K
  class space    used 1098K, capacity 1164K, committed 1280K, reserved 1048576K
}
Event: 0.820 GC heap after
{Heap after GC invocations=1 (full 0):
 garbage-first heap   total 129024K, used 8819K [0x0000000080000000, 0x0000000100000000)
  region size 1024K, 3 young (3072K), 3 survivors (3072K)
 Metaspace       used 10388K, capacity 10580K, committed 10752K, reserved 1058816K
  class space    used 1098K, capacity 1164K, committed 1280K, reserved 1048576K
}
Event: 2.468 GC heap before
{Heap before GC invocations=1 (full 0):
 garbage-first heap   total 129024K, used 82547K [0x0000000080000000, 0x0000000100000000)
  region size 1024K, 75 young (76800K), 3 survivors (3072K)
 Metaspace       used 18885K, capacity 19276K, committed 19456K, reserved 1067008K
  class space    used 2292K, capacity 2456K, committed 2560K, reserved 1048576K
}
Event: 2.477 GC heap after
{Heap after GC invocations=2 (full 0):
 garbage-first heap   total 129024K, used 15355K [0x0000000080000000, 0x0000000100000000)
  region size 1024K, 10 young (10240K), 10 survivors (10240K)
 Metaspace       used 18885K, capacity 19276K, committed 19456K, reserved 1067008K
  class space    used 2292K, capacity 2456K, committed 2560K, reserved 1048576K
}
Event: 2.641 GC heap before
{Heap before GC invocations=2 (full 0):
 garbage-first heap   total 129024K, used 27643K [0x0000000080000000, 0x0000000100000000)
  region size 1024K, 23 young (23552K), 10 survivors (10240K)
 Metaspace       used 20674K, capacity 21109K, committed 21248K, reserved 1067008K
  class space    used 2544K, capacity 2710K, committed 2816K, reserved 1048576K
}
Event: 2.649 GC heap after
{Heap after GC invocations=3 (full 0):
 garbage-first heap   total 129024K, used 15982K [0x0000000080000000, 0x0000000100000000)
  region size 1024K, 1 young (1024K), 1 survivors (1024K)
 Metaspace       used 20674K, capacity 21109K, committed 21248K, reserved 1067008K
  class space    used 2544K, capacity 2710K, committed 2816K, reserved 1048576K
}
Event: 3.604 GC heap before
{Heap before GC invocations=4 (full 0):
 garbage-first heap   total 129024K, used 72302K [0x0000000080000000, 0x0000000100000000)
  region size 1024K, 57 young (58368K), 1 survivors (1024K)
 Metaspace       used 26800K, capacity 27414K, committed 27648K, reserved 1073152K
  class space    used 3533K, capacity 3753K, committed 3840K, reserved 1048576K
}
Event: 3.608 GC heap after
{Heap after GC invocations=5 (full 0):
 garbage-first heap   total 129024K, used 17977K [0x0000000080000000, 0x0000000100000000)
  region size 1024K, 3 young (3072K), 3 survivors (3072K)
 Metaspace       used 26800K, capacity 27414K, committed 27648K, reserved 1073152K
  class space    used 3533K, capacity 3753K, committed 3840K, reserved 1048576K
}
Event: 4.701 GC heap before
{Heap before GC invocations=5 (full 0):
 garbage-first heap   total 129024K, used 56889K [0x0000000080000000, 0x0000000100000000)
  region size 1024K, 43 young (44032K), 3 survivors (3072K)
 Metaspace       used 35002K, capacity 35769K, committed 35840K, reserved 1081344K
  class space    used 4561K, capacity 4856K, committed 4864K, reserved 1048576K
}
Event: 4.714 GC heap after
{Heap after GC invocations=6 (full 0):
 garbage-first heap   total 129024K, used 20958K [0x0000000080000000, 0x0000000100000000)
  region size 1024K, 6 young (6144K), 6 survivors (6144K)
 Metaspace       used 35002K, capacity 35769K, committed 35840K, reserved 1081344K
  class space    used 4561K, capacity 4856K, committed 4864K, reserved 1048576K
}
Event: 5.774 GC heap before
{Heap before GC invocations=7 (full 0):
 garbage-first heap   total 129024K, used 85470K [0x0000000080000000, 0x0000000100000000)
  region size 1024K, 66 young (67584K), 6 survivors (6144K)
 Metaspace       used 40979K, capacity 41830K, committed 41932K, reserved 1085440K
  class space    used 5247K, capacity 5568K, committed 5632K, reserved 1048576K
}
Event: 5.786 GC heap after
{Heap after GC invocations=8 (full 0):
 garbage-first heap   total 129024K, used 24465K [0x0000000080000000, 0x0000000100000000)
  region size 1024K, 7 young (7168K), 7 survivors (7168K)
 Metaspace       used 40979K, capacity 41830K, committed 41932K, reserved 1085440K
  class space    used 5247K, capacity 5568K, committed 5632K, reserved 1048576K
}
Event: 6.535 GC heap before
{Heap before GC invocations=8 (full 0):
 garbage-first heap   total 129024K, used 86929K [0x0000000080000000, 0x0000000100000000)
  region size 1024K, 68 young (69632K), 7 survivors (7168K)
 Metaspace       used 44249K, capacity 45254K, committed 45516K, reserved 1089536K
  class space    used 5678K, capacity 6028K, committed 6144K, reserved 1048576K
}

Deoptimization events (20 events):
Event: 6.483 Thread 0x000002347b732800 DEOPT PACKING pc=0x000002346232c1fa sp=0x000000c6640fe1d0
Event: 6.483 Thread 0x000002347b732800 DEOPT UNPACKING pc=0x0000023461a872ce sp=0x000000c6640fd608 mode 0
Event: 6.489 Thread 0x000002347b0be000 DEOPT PACKING pc=0x000002346216df34 sp=0x000000c6637f9f90
Event: 6.489 Thread 0x000002347b0be000 DEOPT UNPACKING pc=0x0000023461a872ce sp=0x000000c6637f94e0 mode 0
Event: 6.491 Thread 0x000002347b0be000 DEOPT PACKING pc=0x00000234627c8bf1 sp=0x000000c6637f9f50
Event: 6.491 Thread 0x000002347b0be000 DEOPT UNPACKING pc=0x0000023461a872ce sp=0x000000c6637f9448 mode 0
Event: 6.507 Thread 0x000002347b0be000 Uncommon trap: trap_request=0xffffff4d fr.pc=0x00000234696d94d4 relative=0x0000000000001b54
Event: 6.507 Thread 0x000002347b0be000 Uncommon trap: reason=unstable_if action=reinterpret pc=0x00000234696d94d4 method=org.codehaus.groovy.runtime.metaclass.MetaMethodIndex.addMethodToList(Ljava/lang/Object;Lgroovy/lang/MetaMethod;)Ljava/lang/Object; @ 226 c2
Event: 6.507 Thread 0x000002347b0be000 DEOPT PACKING pc=0x00000234696d94d4 sp=0x000000c6637fa080
Event: 6.507 Thread 0x000002347b0be000 DEOPT UNPACKING pc=0x0000023461a874af sp=0x000000c6637fa040 mode 2
Event: 6.519 Thread 0x000002347b0be000 Uncommon trap: trap_request=0xffffff4d fr.pc=0x00000234695b3314 relative=0x00000000000014f4
Event: 6.519 Thread 0x000002347b0be000 Uncommon trap: reason=unstable_if action=reinterpret pc=0x00000234695b3314 method=java.util.jar.JarFile.checkForSpecialAttributes()V @ 53 c2
Event: 6.519 Thread 0x000002347b0be000 DEOPT PACKING pc=0x00000234695b3314 sp=0x000000c6637f2980
Event: 6.519 Thread 0x000002347b0be000 DEOPT UNPACKING pc=0x0000023461a874af sp=0x000000c6637f2878 mode 2
Event: 6.531 Thread 0x000002347b0be000 Uncommon trap: trap_request=0xffffff4d fr.pc=0x00000234695b64d4 relative=0x00000000000012d4
Event: 6.531 Thread 0x000002347b0be000 Uncommon trap: reason=unstable_if action=reinterpret pc=0x00000234695b64d4 method=java.util.jar.JarFile.checkForSpecialAttributes()V @ 53 c2
Event: 6.531 Thread 0x000002347b0be000 DEOPT PACKING pc=0x00000234695b64d4 sp=0x000000c6637f28d0
Event: 6.531 Thread 0x000002347b0be000 DEOPT UNPACKING pc=0x0000023461a874af sp=0x000000c6637f2880 mode 2
Event: 6.533 Thread 0x000002347b0be000 DEOPT PACKING pc=0x00000234627dc5aa sp=0x000000c6637f2320
Event: 6.533 Thread 0x000002347b0be000 DEOPT UNPACKING pc=0x0000023461a872ce sp=0x000000c6637f18f8 mode 0

Classes redefined (0 events):
No events

Internal exceptions (20 events):
Event: 6.521 Thread 0x000002347b0be000 Exception <a 'java/security/PrivilegedActionException'{0x000000008429ea78}> (0x000000008429ea78) thrown at [./src/hotspot/share/prims/jvm.cpp, line 1297]
Event: 6.521 Thread 0x000002347b0be000 Exception <a 'java/security/PrivilegedActionException'{0x000000008429fa90}> (0x000000008429fa90) thrown at [./src/hotspot/share/prims/jvm.cpp, line 1297]
Event: 6.521 Thread 0x000002347b0be000 Exception <a 'java/security/PrivilegedActionException'{0x00000000842a2418}> (0x00000000842a2418) thrown at [./src/hotspot/share/prims/jvm.cpp, line 1297]
Event: 6.522 Thread 0x000002347b0be000 Exception <a 'java/security/PrivilegedActionException'{0x00000000842a3430}> (0x00000000842a3430) thrown at [./src/hotspot/share/prims/jvm.cpp, line 1297]
Event: 6.522 Thread 0x000002347b0be000 Exception <a 'java/security/PrivilegedActionException'{0x00000000842a5e08}> (0x00000000842a5e08) thrown at [./src/hotspot/share/prims/jvm.cpp, line 1297]
Event: 6.522 Thread 0x000002347b0be000 Exception <a 'java/security/PrivilegedActionException'{0x00000000842a6e20}> (0x00000000842a6e20) thrown at [./src/hotspot/share/prims/jvm.cpp, line 1297]
Event: 6.522 Thread 0x000002347b0be000 Exception <a 'java/security/PrivilegedActionException'{0x00000000842a99b0}> (0x00000000842a99b0) thrown at [./src/hotspot/share/prims/jvm.cpp, line 1297]
Event: 6.522 Thread 0x000002347b0be000 Exception <a 'java/security/PrivilegedActionException'{0x00000000842aa9c8}> (0x00000000842aa9c8) thrown at [./src/hotspot/share/prims/jvm.cpp, line 1297]
Event: 6.522 Thread 0x000002347b0be000 Exception <a 'java/security/PrivilegedActionException'{0x00000000842ad348}> (0x00000000842ad348) thrown at [./src/hotspot/share/prims/jvm.cpp, line 1297]
Event: 6.522 Thread 0x000002347b0be000 Exception <a 'java/security/PrivilegedActionException'{0x00000000842ae360}> (0x00000000842ae360) thrown at [./src/hotspot/share/prims/jvm.cpp, line 1297]
Event: 6.522 Thread 0x000002347b0be000 Exception <a 'java/security/PrivilegedActionException'{0x00000000842b0d38}> (0x00000000842b0d38) thrown at [./src/hotspot/share/prims/jvm.cpp, line 1297]
Event: 6.522 Thread 0x000002347b0be000 Exception <a 'java/security/PrivilegedActionException'{0x00000000842b1d50}> (0x00000000842b1d50) thrown at [./src/hotspot/share/prims/jvm.cpp, line 1297]
Event: 6.522 Thread 0x000002347b0be000 Exception <a 'java/security/PrivilegedActionException'{0x00000000842b4730}> (0x00000000842b4730) thrown at [./src/hotspot/share/prims/jvm.cpp, line 1297]
Event: 6.522 Thread 0x000002347b0be000 Exception <a 'java/security/PrivilegedActionException'{0x00000000842b5748}> (0x00000000842b5748) thrown at [./src/hotspot/share/prims/jvm.cpp, line 1297]
Event: 6.522 Thread 0x000002347b0be000 Exception <a 'java/security/PrivilegedActionException'{0x00000000842b8190}> (0x00000000842b8190) thrown at [./src/hotspot/share/prims/jvm.cpp, line 1297]
Event: 6.522 Thread 0x000002347b0be000 Exception <a 'java/security/PrivilegedActionException'{0x00000000842b91a8}> (0x00000000842b91a8) thrown at [./src/hotspot/share/prims/jvm.cpp, line 1297]
Event: 6.523 Thread 0x000002347b0be000 Exception <a 'java/security/PrivilegedActionException'{0x00000000842bbb08}> (0x00000000842bbb08) thrown at [./src/hotspot/share/prims/jvm.cpp, line 1297]
Event: 6.523 Thread 0x000002347b0be000 Exception <a 'java/security/PrivilegedActionException'{0x00000000842bcb20}> (0x00000000842bcb20) thrown at [./src/hotspot/share/prims/jvm.cpp, line 1297]
Event: 6.531 Thread 0x000002347b0be000 Exception <a 'java/security/PrivilegedActionException'{0x00000000841605a0}> (0x00000000841605a0) thrown at [./src/hotspot/share/prims/jvm.cpp, line 1297]
Event: 6.531 Thread 0x000002347b0be000 Exception <a 'java/security/PrivilegedActionException'{0x00000000841615b8}> (0x00000000841615b8) thrown at [./src/hotspot/share/prims/jvm.cpp, line 1297]

Events (20 events):
Event: 6.501 loading class groovy/runtime/metaclass/build_c0kdgokz28a6b674ab54squaeMetaClass done
Event: 6.502 loading class build_c0kdgokz28a6b674ab54squaeBeanInfo
Event: 6.502 loading class build_c0kdgokz28a6b674ab54squaeBeanInfo done
Event: 6.502 loading class build_c0kdgokz28a6b674ab54squaeBeanInfo
Event: 6.502 loading class build_c0kdgokz28a6b674ab54squaeBeanInfo done
Event: 6.502 loading class build_c0kdgokz28a6b674ab54squaeCustomizer
Event: 6.502 loading class build_c0kdgokz28a6b674ab54squaeCustomizer done
Event: 6.502 loading class build_c0kdgokz28a6b674ab54squaeCustomizer
Event: 6.502 loading class build_c0kdgokz28a6b674ab54squaeCustomizer done
Event: 6.504 loading class groovy/runtime/metaclass/build_c0kdgokz28a6b674ab54squae$_run_closure1MetaClass
Event: 6.504 loading class groovy/runtime/metaclass/build_c0kdgokz28a6b674ab54squae$_run_closure1MetaClass done
Event: 6.505 loading class groovy/runtime/metaclass/org/gradle/api/internal/project/DefaultProject_DecoratedMetaClass
Event: 6.505 loading class groovy/runtime/metaclass/org/gradle/api/internal/project/DefaultProject_DecoratedMetaClass done
Event: 6.510 loading class org/gradle/api/internal/project/DefaultProject_DecoratedBeanInfo
Event: 6.510 loading class org/gradle/api/internal/project/DefaultProject_DecoratedBeanInfo done
Event: 6.510 loading class org/gradle/api/internal/project/DefaultProject_DecoratedBeanInfo
Event: 6.510 loading class org/gradle/api/internal/project/DefaultProject_DecoratedBeanInfo done
Event: 6.510 loading class org/gradle/api/internal/project/DefaultProject_DecoratedBeanInfo
Event: 6.510 loading class org/gradle/api/internal/project/DefaultProject_DecoratedBeanInfo done
Event: 6.535 Executing VM operation: G1CollectForAllocation


Dynamic libraries:
0x00007ff67d800000 - 0x00007ff67d80a000 	C:\Program Files\Android\Android Studio\jre\bin\java.exe
0x00007ffb09310000 - 0x00007ffb09505000 	C:\WINDOWS\SYSTEM32\ntdll.dll
0x00007ffb07460000 - 0x00007ffb0751d000 	C:\WINDOWS\System32\KERNEL32.DLL
0x00007ffb06e40000 - 0x00007ffb07108000 	C:\WINDOWS\System32\KERNELBASE.dll
0x00007ffb07220000 - 0x00007ffb07320000 	C:\WINDOWS\System32\ucrtbase.dll
0x00007ffb03730000 - 0x00007ffb03747000 	C:\Program Files\Android\Android Studio\jre\bin\VCRUNTIME140.dll
0x00007ffb03850000 - 0x00007ffb03869000 	C:\Program Files\Android\Android Studio\jre\bin\jli.dll
0x00007ffb084d0000 - 0x00007ffb08670000 	C:\WINDOWS\System32\USER32.dll
0x00007ffb06e10000 - 0x00007ffb06e32000 	C:\WINDOWS\System32\win32u.dll
0x00007ffaf2690000 - 0x00007ffaf292a000 	C:\WINDOWS\WinSxS\amd64_microsoft.windows.common-controls_6595b64144ccf1df_6.0.19041.844_none_ca00b6081b84eb1d\COMCTL32.dll
0x00007ffb08180000 - 0x00007ffb081aa000 	C:\WINDOWS\System32\GDI32.dll
0x00007ffb08f50000 - 0x00007ffb08fee000 	C:\WINDOWS\System32\msvcrt.dll
0x00007ffb07110000 - 0x00007ffb0721b000 	C:\WINDOWS\System32\gdi32full.dll
0x00007ffb06a50000 - 0x00007ffb06aed000 	C:\WINDOWS\System32\msvcp_win.dll
0x00007ffb07370000 - 0x00007ffb073a0000 	C:\WINDOWS\System32\IMM32.DLL
0x00007ffaf4910000 - 0x00007ffaf49ad000 	C:\Program Files\Android\Android Studio\jre\bin\msvcp140.dll
0x00007ffac9c80000 - 0x00007ffaca73c000 	C:\Program Files\Android\Android Studio\jre\bin\server\jvm.dll
0x00007ffb09220000 - 0x00007ffb092cc000 	C:\WINDOWS\System32\ADVAPI32.dll
0x00007ffb08420000 - 0x00007ffb084bb000 	C:\WINDOWS\System32\sechost.dll
0x00007ffb07530000 - 0x00007ffb0765b000 	C:\WINDOWS\System32\RPCRT4.dll
0x00007ffb07520000 - 0x00007ffb07528000 	C:\WINDOWS\System32\PSAPI.DLL
0x00007ffaf2370000 - 0x00007ffaf2379000 	C:\WINDOWS\SYSTEM32\WSOCK32.dll
0x00007ffb01620000 - 0x00007ffb0162a000 	C:\WINDOWS\SYSTEM32\VERSION.dll
0x00007ffaf5490000 - 0x00007ffaf54b7000 	C:\WINDOWS\SYSTEM32\WINMM.dll
0x00007ffb07710000 - 0x00007ffb0777b000 	C:\WINDOWS\System32\WS2_32.dll
0x00007ffb05320000 - 0x00007ffb05332000 	C:\WINDOWS\SYSTEM32\kernel.appcore.dll
0x00007ffb037c0000 - 0x00007ffb037d1000 	C:\Program Files\Android\Android Studio\jre\bin\verify.dll
0x00007ffb04880000 - 0x00007ffb04a64000 	C:\WINDOWS\SYSTEM32\DBGHELP.DLL
0x00007ffafba90000 - 0x00007ffafbabc000 	C:\WINDOWS\SYSTEM32\dbgcore.DLL
0x00007ffb06ba0000 - 0x00007ffb06c20000 	C:\WINDOWS\System32\bcryptPrimitives.dll
0x00007ffb00900000 - 0x00007ffb00929000 	C:\Program Files\Android\Android Studio\jre\bin\java.dll
0x00007ffb03720000 - 0x00007ffb0372b000 	C:\Program Files\Android\Android Studio\jre\bin\jimage.dll
0x00007ffafba40000 - 0x00007ffafba58000 	C:\Program Files\Android\Android Studio\jre\bin\zip.dll
0x00007ffb078a0000 - 0x00007ffb07fe2000 	C:\WINDOWS\System32\SHELL32.dll
0x00007ffb04b70000 - 0x00007ffb05301000 	C:\WINDOWS\SYSTEM32\windows.storage.dll
0x00007ffb08b90000 - 0x00007ffb08ee5000 	C:\WINDOWS\System32\combase.dll
0x00007ffb06450000 - 0x00007ffb0647c000 	C:\WINDOWS\SYSTEM32\Wldp.dll
0x00007ffb07660000 - 0x00007ffb0770e000 	C:\WINDOWS\System32\SHCORE.dll
0x00007ffb08ef0000 - 0x00007ffb08f45000 	C:\WINDOWS\System32\shlwapi.dll
0x00007ffb06990000 - 0x00007ffb069af000 	C:\WINDOWS\SYSTEM32\profapi.dll
0x00007ffafb9a0000 - 0x00007ffafb9ba000 	C:\Program Files\Android\Android Studio\jre\bin\net.dll
0x00007ffafae70000 - 0x00007ffafaf7b000 	C:\WINDOWS\SYSTEM32\WINHTTP.dll
0x00007ffb06160000 - 0x00007ffb061ca000 	C:\WINDOWS\system32\mswsock.dll
0x00007ffafb980000 - 0x00007ffafb994000 	C:\Program Files\Android\Android Studio\jre\bin\nio.dll
0x00007ffaf71c0000 - 0x00007ffaf71e7000 	C:\Users\DELL\.gradle\native\fdc75f09e3144964f2cf3f50f0aa648679c211496f362492102eb8c894070792\windows-amd64\native-platform.dll
0x00007ffae0740000 - 0x00007ffae08d6000 	C:\Users\DELL\.gradle\native\12488b8bf47d2d4c9fbf2f6322a914ad602e24e48041cd04a747c6da556b65c4\windows-amd64\native-platform-file-events.dll
0x00007ffafb970000 - 0x00007ffafb97a000 	C:\Program Files\Android\Android Studio\jre\bin\management.dll
0x00007ffafb940000 - 0x00007ffafb94c000 	C:\Program Files\Android\Android Studio\jre\bin\management_ext.dll
0x00007ffb06330000 - 0x00007ffb06348000 	C:\WINDOWS\SYSTEM32\CRYPTSP.dll
0x00007ffb05b00000 - 0x00007ffb05b34000 	C:\WINDOWS\system32\rsaenh.dll
0x00007ffb06de0000 - 0x00007ffb06e07000 	C:\WINDOWS\System32\bcrypt.dll
0x00007ffb06910000 - 0x00007ffb0693e000 	C:\WINDOWS\SYSTEM32\USERENV.dll
0x00007ffb06350000 - 0x00007ffb0635c000 	C:\WINDOWS\SYSTEM32\CRYPTBASE.dll
0x00007ffb05e50000 - 0x00007ffb05e8b000 	C:\WINDOWS\SYSTEM32\IPHLPAPI.DLL
0x00007ffb084c0000 - 0x00007ffb084c8000 	C:\WINDOWS\System32\NSI.dll
0x00007ffaf67e0000 - 0x00007ffaf67f7000 	C:\WINDOWS\SYSTEM32\dhcpcsvc6.DLL
0x00007ffaf6900000 - 0x00007ffaf691d000 	C:\WINDOWS\SYSTEM32\dhcpcsvc.DLL
0x00007ffb05e90000 - 0x00007ffb05f5c000 	C:\WINDOWS\SYSTEM32\DNSAPI.dll
0x00007ffaf6e60000 - 0x00007ffaf6e6b000 	C:\WINDOWS\SYSTEM32\WINNSI.DLL

dbghelp: loaded successfully - version: 4.0.5 - missing functions: none
symbol engine: initialized successfully - sym options: 0x614 - pdb path: .;C:\Program Files\Android\Android Studio\jre\bin;C:\WINDOWS\SYSTEM32;C:\WINDOWS\WinSxS\amd64_microsoft.windows.common-controls_6595b64144ccf1df_6.0.19041.844_none_ca00b6081b84eb1d;C:\Program Files\Android\Android Studio\jre\bin\server;C:\Users\DELL\.gradle\native\fdc75f09e3144964f2cf3f50f0aa648679c211496f362492102eb8c894070792\windows-amd64;C:\Users\DELL\.gradle\native\12488b8bf47d2d4c9fbf2f6322a914ad602e24e48041cd04a747c6da556b65c4\windows-amd64

VM Arguments:
jvm_args: --add-opens=java.base/java.util=ALL-UNNAMED --add-opens=java.base/java.lang=ALL-UNNAMED --add-opens=java.base/java.lang.invoke=ALL-UNNAMED --add-opens=java.prefs/java.util.prefs=ALL-UNNAMED -Xmx2048m -Dfile.encoding=UTF-8 -Duser.country=US -Duser.language=en -Duser.variant 
java_command: org.gradle.launcher.daemon.bootstrap.GradleDaemon 6.7.1
java_class_path (initial): C:\Users\DELL\.gradle\wrapper\dists\gradle-6.7.1-bin\bwlcbys1h7rz3272sye1xwiv6\gradle-6.7.1\lib\gradle-launcher-6.7.1.jar
Launcher Type: SUN_STANDARD

[Global flags]
     intx CICompilerCount                          = 4                                         {product} {ergonomic}
     uint ConcGCThreads                            = 2                                         {product} {ergonomic}
     uint G1ConcRefinementThreads                  = 8                                         {product} {ergonomic}
   size_t G1HeapRegionSize                         = 1048576                                   {product} {ergonomic}
    uintx GCDrainStackTargetSize                   = 64                                        {product} {ergonomic}
   size_t InitialHeapSize                          = 132120576                                 {product} {ergonomic}
   size_t MarkStackSize                            = 4194304                                   {product} {ergonomic}
   size_t MaxHeapSize                              = 2147483648                                {product} {command line}
   size_t MaxNewSize                               = 1287651328                                {product} {ergonomic}
   size_t MinHeapDeltaBytes                        = 1048576                                   {product} {ergonomic}
    uintx NonNMethodCodeHeapSize                   = 5836300                                {pd product} {ergonomic}
    uintx NonProfiledCodeHeapSize                  = 122910970                              {pd product} {ergonomic}
    uintx ProfiledCodeHeapSize                     = 122910970                              {pd product} {ergonomic}
    uintx ReservedCodeCacheSize                    = 251658240                              {pd product} {ergonomic}
     bool SegmentedCodeCache                       = true                                      {product} {ergonomic}
     bool UseCompressedClassPointers               = true                                 {lp64_product} {ergonomic}
     bool UseCompressedOops                        = true                                 {lp64_product} {ergonomic}
     bool UseG1GC                                  = true                                      {product} {ergonomic}
     bool UseLargePagesIndividualAllocation        = false                                  {pd product} {ergonomic}

Logging:
Log output configuration:
 #0: stdout all=warning uptime,level,tags
 #1: stderr all=off uptime,level,tags

Environment Variables:
PATH=C:\Program Files\OpenJDK\jdk-11.0.8.10-hotspot\bin;C:\WINDOWS\system32;C:\WINDOWS;C:\WINDOWS\System32\Wbem;C:\WINDOWS\System32\WindowsPowerShell\v1.0\;C:\WINDOWS\System32\OpenSSH\;C:\Program Files\Git\cmd;C:\Users\DELL\AppData\Local\Programs\Python\Python39\Scripts\;C:\Users\DELL\AppData\Local\Programs\Python\Python39\;C:\Users\DELL\AppData\Local\Microsoft\WindowsApps;C:\Users\DELL\AppData\Local\atom\bin;C:\Users\DELL\AppData\Local\Microsoft\WindowsApps;;C:\Users\DELL\AppData\Local\Programs\Microsoft VS Code\bin
USERNAME=DELL
OS=Windows_NT
PROCESSOR_IDENTIFIER=Intel64 Family 6 Model 142 Stepping 10, GenuineIntel



---------------  S Y S T E M  ---------------

OS: Windows 10 , 64 bit Build 19041 (10.0.19041.928)
OS uptime: 32 days 21:16 hours

CPU:total 8 (initial active 8) (4 cores per cpu, 2 threads per core) family 6 model 142 stepping 10, cmov, cx8, fxsr, mmx, sse, sse2, sse3, ssse3, sse4.1, sse4.2, popcnt, avx, avx2, aes, clmul, erms, 3dnowpref, lzcnt, ht, tsc, tscinvbit, bmi1, bmi2, adx, fma

Memory: 4k page, system-wide physical 8025M (1067M free)
TotalPageFile size 32601M (AvailPageFile size 21M)
current process WorkingSet (physical memory assigned to process): 265M, peak: 265M
current process commit charge ("private bytes"): 323M, peak: 349M

vm_info: OpenJDK 64-Bit Server VM (11.0.8+10-b944.6842174) for windows-amd64 JRE (11.0.8+10-b944.6842174), built on Sep 19 2020 01:11:42 by "builder" with MS VC++ 14.0 (VS2015)

END.
