#
# There is insufficient memory for the Java Runtime Environment to continue.
# Native memory allocation (malloc) failed to allocate 1072496 bytes for Chunk::new
# Possible reasons:
#   The system is out of physical RAM or swap space
#   The process is running with CompressedOops enabled, and the Java Heap may be blocking the growth of the native heap
# Possible solutions:
#   Reduce memory load on the system
#   Increase physical memory or swap space
#   Check if swap backing store is full
#   Decrease Java heap size (-Xmx/-Xms)
#   Decrease number of Java threads
#   Decrease Java thread stack sizes (-Xss)
#   Set larger code cache with -XX:ReservedCodeCacheSize=
#   JVM is running with Unscaled Compressed Oops mode in which the Java heap is
#     placed in the first 4GB address space. The Java Heap base address is the
#     maximum limit for the native heap growth. Please use -XX:HeapBaseMinAddress
#     to set the Java Heap base and to place the Java Heap above 4GB virtual address.
# This output file may be truncated or incomplete.
#
#  Out of Memory Error (./src/hotspot/share/memory/arena.cpp:197), pid=18096, tid=1448
#
# JRE version: OpenJDK Runtime Environment (11.0.8+10) (build 11.0.8+10-b944.6842174)
# Java VM: OpenJDK 64-Bit Server VM (11.0.8+10-b944.6842174, mixed mode, tiered, compressed oops, g1 gc, windows-amd64)
# No core dump will be written. Minidumps are not enabled by default on client versions of Windows
#

---------------  S U M M A R Y ------------

Command Line: --add-opens=java.base/java.util=ALL-UNNAMED --add-opens=java.base/java.lang=ALL-UNNAMED --add-opens=java.base/java.lang.invoke=ALL-UNNAMED --add-opens=java.prefs/java.util.prefs=ALL-UNNAMED -Xmx2048m -Dfile.encoding=UTF-8 -Duser.country=US -Duser.language=en -Duser.variant org.gradle.launcher.daemon.bootstrap.GradleDaemon 6.7.1

Host: Intel(R) Core(TM) i7-8550U CPU @ 1.80GHz, 8 cores, 7G,  Windows 10 , 64 bit Build 19041 (10.0.19041.928)
Time: Sat Jun 26 08:23:41 2021 Nepal Standard Time elapsed time: 8 seconds (0d 0h 0m 8s)

---------------  T H R E A D  ---------------

Current thread (0x0000026816757800):  JavaThread "C2 CompilerThread1" daemon [_thread_in_native, id=1448, stack(0x000000a071c00000,0x000000a071d00000)]


Current CompileTask:
C2:   8396 5310       4       java.util.regex.Pattern::compile (498 bytes)

Stack: [0x000000a071c00000,0x000000a071d00000]
Native frames: (J=compiled Java code, j=interpreted, Vv=VM code, C=native code)
V  [jvm.dll+0x5de50a]
V  [jvm.dll+0x7122f5]
V  [jvm.dll+0x71384d]
V  [jvm.dll+0x713f03]
V  [jvm.dll+0x23e728]
V  [jvm.dll+0xb899c]
V  [jvm.dll+0xb8e9c]
V  [jvm.dll+0x35024d]
V  [jvm.dll+0x31dea3]
V  [jvm.dll+0x31d39a]
V  [jvm.dll+0x1f7702]
V  [jvm.dll+0x1f68d4]
V  [jvm.dll+0x17f32c]
V  [jvm.dll+0x205047]
V  [jvm.dll+0x203891]
V  [jvm.dll+0x6dad3f]
V  [jvm.dll+0x6d3895]
V  [jvm.dll+0x5dd4a6]
C  [ucrtbase.dll+0x21bb2]
C  [KERNEL32.DLL+0x17034]
C  [ntdll.dll+0x52651]


---------------  P R O C E S S  ---------------

Threads class SMR info:
_java_thread_list=0x0000026817fc4840, length=138, elements={
0x0000026875bf8000, 0x000002687f6df000, 0x000002687f6ca000, 0x0000026811044800,
0x0000026811045800, 0x0000026811047800, 0x000002681104e000, 0x0000026811053000,
0x00000268111a0000, 0x00000268111ca000, 0x00000268126b3800, 0x00000268113aa000,
0x0000026813189800, 0x0000026812fe0800, 0x0000026812346000, 0x00000268121f3800,
0x000002681283f000, 0x00000268125b2000, 0x0000026812ed8000, 0x0000026812ed9000,
0x000002681343c800, 0x000002681343f000, 0x000002681343a000, 0x000002681343c000,
0x0000026813439800, 0x0000026813440000, 0x000002681343b000, 0x000002681343d800,
0x000002681343e800, 0x000002681368e000, 0x000002681368e800, 0x0000026813692800,
0x000002681368d000, 0x0000026813692000, 0x0000026813693800, 0x0000026813690800,
0x0000026813695000, 0x0000026813694800, 0x0000026813691000, 0x000002681368f800,
0x0000026813696000, 0x000002681369b000, 0x000002681369a000, 0x0000026813697000,
0x0000026813697800, 0x0000026813699000, 0x0000026813698800, 0x0000026816f55000,
0x0000026816f59000, 0x0000026816f5a000, 0x0000026816f54000, 0x0000026816f57800,
0x0000026816f56800, 0x0000026816f5a800, 0x0000026816f58000, 0x0000026816f5b800,
0x0000026816f56000, 0x0000026816f60800, 0x0000026816f61000, 0x0000026816f62000,
0x0000026816f5c800, 0x0000026816f63000, 0x0000026816f5e000, 0x0000026816f5d000,
0x0000026816f5f000, 0x0000026816f5f800, 0x0000026817b85800, 0x0000026817b88000,
0x0000026817b89000, 0x0000026817b85000, 0x0000026817b87800, 0x0000026817b83000,
0x0000026817b89800, 0x0000026817b86800, 0x0000026817b84000, 0x0000026817b8e000,
0x0000026817b8c000, 0x0000026817b8e800, 0x0000026817b90800, 0x0000026817b8f800,
0x0000026817b8a800, 0x0000026817b91000, 0x0000026817b8b800, 0x0000026817b92000,
0x0000026817b8d000, 0x00000268165ba800, 0x00000268165b8800, 0x00000268165ba000,
0x00000268165bd000, 0x00000268165bc800, 0x00000268165bb800, 0x00000268165be000,
0x00000268165bf000, 0x00000268165b9000, 0x00000268165c3000, 0x00000268165c5800,
0x00000268165c3800, 0x00000268165c4800, 0x00000268165bf800, 0x00000268165c6000,
0x00000268165c2000, 0x00000268165c0800, 0x00000268165c7000, 0x00000268165c1800,
0x00000268134aa800, 0x00000268134ab800, 0x00000268134a5800, 0x00000268134ac000,
0x00000268134a6800, 0x00000268134ad000, 0x00000268134a9000, 0x00000268134a7000,
0x00000268134ae000, 0x00000268134a8000, 0x00000268134af800, 0x00000268134ae800,
0x00000268134a9800, 0x00000268134b0000, 0x00000268134b2000, 0x00000268134b1000,
0x00000268134b2800, 0x00000268134b3800, 0x00000268134b4800, 0x0000026816098000,
0x0000026816098800, 0x000002681609b000, 0x000002681609d000, 0x0000026816097000,
0x000002681609e800, 0x0000026816099800, 0x000002681609d800, 0x000002681609c000,
0x000002681609a800, 0x00000268160a4000, 0x00000268160a2800, 0x0000026816757800,
0x0000026816d3b000, 0x000002681609f000
}

Java Threads: ( => current thread )
  0x0000026875bf8000 JavaThread "main" [_thread_blocked, id=17272, stack(0x000000a06f400000,0x000000a06f500000)]
  0x000002687f6df000 JavaThread "Reference Handler" daemon [_thread_blocked, id=3816, stack(0x000000a06fb00000,0x000000a06fc00000)]
  0x000002687f6ca000 JavaThread "Finalizer" daemon [_thread_blocked, id=2140, stack(0x000000a06fc00000,0x000000a06fd00000)]
  0x0000026811044800 JavaThread "Signal Dispatcher" daemon [_thread_blocked, id=7568, stack(0x000000a06fd00000,0x000000a06fe00000)]
  0x0000026811045800 JavaThread "Attach Listener" daemon [_thread_blocked, id=11820, stack(0x000000a06fe00000,0x000000a06ff00000)]
  0x0000026811047800 JavaThread "C2 CompilerThread0" daemon [_thread_in_native, id=9624, stack(0x000000a06ff00000,0x000000a070000000)]
  0x000002681104e000 JavaThread "C1 CompilerThread0" daemon [_thread_blocked, id=12244, stack(0x000000a070000000,0x000000a070100000)]
  0x0000026811053000 JavaThread "Sweeper thread" daemon [_thread_blocked, id=1240, stack(0x000000a070100000,0x000000a070200000)]
  0x00000268111a0000 JavaThread "Common-Cleaner" daemon [_thread_blocked, id=5028, stack(0x000000a070200000,0x000000a070300000)]
  0x00000268111ca000 JavaThread "Service Thread" daemon [_thread_blocked, id=7472, stack(0x000000a070300000,0x000000a070400000)]
  0x00000268126b3800 JavaThread "Daemon health stats" [_thread_blocked, id=5628, stack(0x000000a070900000,0x000000a070a00000)]
  0x00000268113aa000 JavaThread "Incoming local TCP Connector on port 57833" [_thread_in_native, id=236, stack(0x000000a070a00000,0x000000a070b00000)]
  0x0000026813189800 JavaThread "Daemon periodic checks" [_thread_blocked, id=6584, stack(0x000000a070b00000,0x000000a070c00000)]
  0x0000026812fe0800 JavaThread "Daemon" [_thread_blocked, id=12840, stack(0x000000a070c00000,0x000000a070d00000)]
  0x0000026812346000 JavaThread "Handler for socket connection from /127.0.0.1:57833 to /127.0.0.1:57834" [_thread_in_native, id=17404, stack(0x000000a070d00000,0x000000a070e00000)]
  0x00000268121f3800 JavaThread "Cancel handler" [_thread_blocked, id=18372, stack(0x000000a070e00000,0x000000a070f00000)]
  0x000002681283f000 JavaThread "Daemon worker" [_thread_in_vm, id=7684, stack(0x000000a070f00000,0x000000a071000000)]
  0x00000268125b2000 JavaThread "Asynchronous log dispatcher for DefaultDaemonConnection: socket connection from /127.0.0.1:57833 to /127.0.0.1:57834" [_thread_blocked, id=9240, stack(0x000000a071000000,0x000000a071100000)]
  0x0000026812ed8000 JavaThread "Stdin handler" [_thread_blocked, id=4756, stack(0x000000a071100000,0x000000a071200000)]
  0x0000026812ed9000 JavaThread "Thread-8" [_thread_blocked, id=5184, stack(0x000000a071200000,0x000000a071300000)]
  0x000002681343c800 JavaThread "Cache worker for file hash cache (C:\Users\DELL\.gradle\caches\6.7.1\fileHashes)" [_thread_blocked, id=16020, stack(0x000000a071800000,0x000000a071900000)]
  0x000002681343f000 JavaThread "File lock request listener" [_thread_in_native, id=12300, stack(0x000000a071900000,0x000000a071a00000)]
  0x000002681343a000 JavaThread "Cache worker for journal cache (C:\Users\DELL\.gradle\caches\journal-1)" [_thread_blocked, id=7312, stack(0x000000a071b00000,0x000000a071c00000)]
  0x000002681343c000 JavaThread "Cache worker for file hash cache (C:\Users\DELL\AndroidStudioProjects\MyApplication2\.gradle\6.7.1\fileHashes)" [_thread_blocked, id=12468, stack(0x000000a071d00000,0x000000a071e00000)]
  0x0000026813439800 JavaThread "Cache worker for checksums cache (C:\Users\DELL\AndroidStudioProjects\MyApplication2\.gradle\checksums)" [_thread_blocked, id=2120, stack(0x000000a071e00000,0x000000a071f00000)]
  0x0000026813440000 JavaThread "Cache worker for cache directory md-supplier (C:\Users\DELL\.gradle\caches\6.7.1\md-supplier)" [_thread_blocked, id=10740, stack(0x000000a071f00000,0x000000a072000000)]
  0x000002681343b000 JavaThread "Cache worker for cache directory md-rule (C:\Users\DELL\.gradle\caches\6.7.1\md-rule)" [_thread_blocked, id=7624, stack(0x000000a072100000,0x000000a072200000)]
  0x000002681343d800 JavaThread "Cache worker for execution history cache (C:\Users\DELL\.gradle\caches\6.7.1\executionHistory)" [_thread_blocked, id=5616, stack(0x000000a072200000,0x000000a072300000)]
  0x000002681343e800 JavaThread "jar transforms" [_thread_blocked, id=9708, stack(0x000000a072300000,0x000000a072400000)]
  0x000002681368e000 JavaThread "Cache worker for file content cache (C:\Users\DELL\.gradle\caches\6.7.1\fileContent)" [_thread_blocked, id=9416, stack(0x000000a072400000,0x000000a072500000)]
  0x000002681368e800 JavaThread "Cache worker for Build Output Cleanup Cache (C:\Users\DELL\AndroidStudioProjects\MyApplication2\.gradle\buildOutputCleanup)" [_thread_blocked, id=14056, stack(0x000000a072500000,0x000000a072600000)]
  0x0000026813692800 JavaThread "Build operations" [_thread_blocked, id=14740, stack(0x000000a072600000,0x000000a072700000)]
  0x000002681368d000 JavaThread "Build operations Thread 2" [_thread_blocked, id=14672, stack(0x000000a072700000,0x000000a072800000)]
  0x0000026813692000 JavaThread "Build operations Thread 3" [_thread_blocked, id=7100, stack(0x000000a072800000,0x000000a072900000)]
  0x0000026813693800 JavaThread "Build operations Thread 4" [_thread_blocked, id=17392, stack(0x000000a072900000,0x000000a072a00000)]
  0x0000026813690800 JavaThread "Build operations Thread 5" [_thread_blocked, id=16968, stack(0x000000a072a00000,0x000000a072b00000)]
  0x0000026813695000 JavaThread "Build operations Thread 6" [_thread_blocked, id=14088, stack(0x000000a072b00000,0x000000a072c00000)]
  0x0000026813694800 JavaThread "Build operations Thread 7" [_thread_blocked, id=15584, stack(0x000000a072c00000,0x000000a072d00000)]
  0x0000026813691000 JavaThread "Build operations Thread 8" [_thread_blocked, id=1708, stack(0x000000a072d00000,0x000000a072e00000)]
  0x000002681368f800 JavaThread "jar transforms Thread 2" [_thread_blocked, id=9080, stack(0x000000a072e00000,0x000000a072f00000)]
  0x0000026813696000 JavaThread "jar transforms Thread 3" [_thread_blocked, id=6100, stack(0x000000a072f00000,0x000000a073000000)]
  0x000002681369b000 JavaThread "jar transforms Thread 4" [_thread_blocked, id=9436, stack(0x000000a073000000,0x000000a073100000)]
  0x000002681369a000 JavaThread "jar transforms Thread 5" [_thread_blocked, id=16544, stack(0x000000a073100000,0x000000a073200000)]
  0x0000026813697000 JavaThread "jar transforms Thread 6" [_thread_blocked, id=10808, stack(0x000000a073200000,0x000000a073300000)]
  0x0000026813697800 JavaThread "jar transforms Thread 7" [_thread_blocked, id=2196, stack(0x000000a073300000,0x000000a073400000)]
  0x0000026813699000 JavaThread "jar transforms Thread 8" [_thread_blocked, id=10832, stack(0x000000a073400000,0x000000a073500000)]
  0x0000026813698800 JavaThread "jar transforms Thread 9" [_thread_blocked, id=2044, stack(0x000000a073500000,0x000000a073600000)]
  0x0000026816f55000 JavaThread "jar transforms Thread 10" [_thread_blocked, id=6864, stack(0x000000a073600000,0x000000a073700000)]
  0x0000026816f59000 JavaThread "jar transforms Thread 11" [_thread_blocked, id=13212, stack(0x000000a073700000,0x000000a073800000)]
  0x0000026816f5a000 JavaThread "jar transforms Thread 12" [_thread_blocked, id=16328, stack(0x000000a073800000,0x000000a073900000)]
  0x0000026816f54000 JavaThread "jar transforms Thread 13" [_thread_blocked, id=17544, stack(0x000000a073900000,0x000000a073a00000)]
  0x0000026816f57800 JavaThread "jar transforms Thread 14" [_thread_blocked, id=8360, stack(0x000000a073a00000,0x000000a073b00000)]
  0x0000026816f56800 JavaThread "jar transforms Thread 15" [_thread_blocked, id=5884, stack(0x000000a073b00000,0x000000a073c00000)]
  0x0000026816f5a800 JavaThread "jar transforms Thread 16" [_thread_blocked, id=3944, stack(0x000000a073c00000,0x000000a073d00000)]
  0x0000026816f58000 JavaThread "jar transforms Thread 17" [_thread_blocked, id=736, stack(0x000000a073d00000,0x000000a073e00000)]
  0x0000026816f5b800 JavaThread "jar transforms Thread 18" [_thread_blocked, id=3276, stack(0x000000a073e00000,0x000000a073f00000)]
  0x0000026816f56000 JavaThread "jar transforms Thread 19" [_thread_blocked, id=2248, stack(0x000000a073f00000,0x000000a074000000)]
  0x0000026816f60800 JavaThread "jar transforms Thread 20" [_thread_blocked, id=13112, stack(0x000000a074000000,0x000000a074100000)]
  0x0000026816f61000 JavaThread "jar transforms Thread 21" [_thread_blocked, id=16252, stack(0x000000a074100000,0x000000a074200000)]
  0x0000026816f62000 JavaThread "jar transforms Thread 22" [_thread_blocked, id=15388, stack(0x000000a074200000,0x000000a074300000)]
  0x0000026816f5c800 JavaThread "jar transforms Thread 23" [_thread_blocked, id=10308, stack(0x000000a074300000,0x000000a074400000)]
  0x0000026816f63000 JavaThread "jar transforms Thread 24" [_thread_blocked, id=5444, stack(0x000000a074400000,0x000000a074500000)]
  0x0000026816f5e000 JavaThread "jar transforms Thread 25" [_thread_blocked, id=5112, stack(0x000000a074500000,0x000000a074600000)]
  0x0000026816f5d000 JavaThread "jar transforms Thread 26" [_thread_blocked, id=8268, stack(0x000000a074600000,0x000000a074700000)]
  0x0000026816f5f000 JavaThread "jar transforms Thread 27" [_thread_blocked, id=12456, stack(0x000000a074700000,0x000000a074800000)]
  0x0000026816f5f800 JavaThread "jar transforms Thread 28" [_thread_blocked, id=15092, stack(0x000000a074800000,0x000000a074900000)]
  0x0000026817b85800 JavaThread "jar transforms Thread 29" [_thread_blocked, id=17276, stack(0x000000a074900000,0x000000a074a00000)]
  0x0000026817b88000 JavaThread "jar transforms Thread 30" [_thread_blocked, id=6572, stack(0x000000a074a00000,0x000000a074b00000)]
  0x0000026817b89000 JavaThread "jar transforms Thread 31" [_thread_blocked, id=9244, stack(0x000000a074b00000,0x000000a074c00000)]
  0x0000026817b85000 JavaThread "jar transforms Thread 32" [_thread_blocked, id=9360, stack(0x000000a074c00000,0x000000a074d00000)]
  0x0000026817b87800 JavaThread "jar transforms Thread 33" [_thread_blocked, id=13068, stack(0x000000a074d00000,0x000000a074e00000)]
  0x0000026817b83000 JavaThread "jar transforms Thread 34" [_thread_blocked, id=15888, stack(0x000000a074e00000,0x000000a074f00000)]
  0x0000026817b89800 JavaThread "jar transforms Thread 35" [_thread_blocked, id=4444, stack(0x000000a074f00000,0x000000a075000000)]
  0x0000026817b86800 JavaThread "jar transforms Thread 36" [_thread_blocked, id=17420, stack(0x000000a075000000,0x000000a075100000)]
  0x0000026817b84000 JavaThread "jar transforms Thread 37" [_thread_blocked, id=14176, stack(0x000000a075100000,0x000000a075200000)]
  0x0000026817b8e000 JavaThread "jar transforms Thread 38" [_thread_blocked, id=10888, stack(0x000000a075200000,0x000000a075300000)]
  0x0000026817b8c000 JavaThread "jar transforms Thread 39" [_thread_blocked, id=18392, stack(0x000000a075300000,0x000000a075400000)]
  0x0000026817b8e800 JavaThread "jar transforms Thread 40" [_thread_blocked, id=5144, stack(0x000000a075400000,0x000000a075500000)]
  0x0000026817b90800 JavaThread "jar transforms Thread 41" [_thread_blocked, id=12572, stack(0x000000a075500000,0x000000a075600000)]
  0x0000026817b8f800 JavaThread "jar transforms Thread 42" [_thread_blocked, id=9860, stack(0x000000a075600000,0x000000a075700000)]
  0x0000026817b8a800 JavaThread "jar transforms Thread 43" [_thread_blocked, id=1508, stack(0x000000a075700000,0x000000a075800000)]
  0x0000026817b91000 JavaThread "jar transforms Thread 44" [_thread_blocked, id=10476, stack(0x000000a075800000,0x000000a075900000)]
  0x0000026817b8b800 JavaThread "jar transforms Thread 45" [_thread_blocked, id=5272, stack(0x000000a075900000,0x000000a075a00000)]
  0x0000026817b92000 JavaThread "jar transforms Thread 46" [_thread_blocked, id=5556, stack(0x000000a075a00000,0x000000a075b00000)]
  0x0000026817b8d000 JavaThread "jar transforms Thread 47" [_thread_blocked, id=10616, stack(0x000000a075b00000,0x000000a075c00000)]
  0x00000268165ba800 JavaThread "jar transforms Thread 48" [_thread_blocked, id=2192, stack(0x000000a075c00000,0x000000a075d00000)]
  0x00000268165b8800 JavaThread "jar transforms Thread 49" [_thread_blocked, id=9764, stack(0x000000a075d00000,0x000000a075e00000)]
  0x00000268165ba000 JavaThread "jar transforms Thread 50" [_thread_blocked, id=16892, stack(0x000000a075e00000,0x000000a075f00000)]
  0x00000268165bd000 JavaThread "jar transforms Thread 51" [_thread_blocked, id=12488, stack(0x000000a075f00000,0x000000a076000000)]
  0x00000268165bc800 JavaThread "jar transforms Thread 52" [_thread_blocked, id=18240, stack(0x000000a076000000,0x000000a076100000)]
  0x00000268165bb800 JavaThread "jar transforms Thread 53" [_thread_blocked, id=6748, stack(0x000000a076100000,0x000000a076200000)]
  0x00000268165be000 JavaThread "jar transforms Thread 54" [_thread_blocked, id=10748, stack(0x000000a076200000,0x000000a076300000)]
  0x00000268165bf000 JavaThread "jar transforms Thread 55" [_thread_blocked, id=14508, stack(0x000000a076300000,0x000000a076400000)]
  0x00000268165b9000 JavaThread "jar transforms Thread 56" [_thread_blocked, id=5908, stack(0x000000a076400000,0x000000a076500000)]
  0x00000268165c3000 JavaThread "jar transforms Thread 57" [_thread_blocked, id=14924, stack(0x000000a076500000,0x000000a076600000)]
  0x00000268165c5800 JavaThread "jar transforms Thread 58" [_thread_blocked, id=8332, stack(0x000000a076600000,0x000000a076700000)]
  0x00000268165c3800 JavaThread "jar transforms Thread 59" [_thread_blocked, id=552, stack(0x000000a076700000,0x000000a076800000)]
  0x00000268165c4800 JavaThread "jar transforms Thread 60" [_thread_blocked, id=6168, stack(0x000000a076800000,0x000000a076900000)]
  0x00000268165bf800 JavaThread "jar transforms Thread 61" [_thread_blocked, id=14576, stack(0x000000a076900000,0x000000a076a00000)]
  0x00000268165c6000 JavaThread "jar transforms Thread 62" [_thread_blocked, id=8516, stack(0x000000a076a00000,0x000000a076b00000)]
  0x00000268165c2000 JavaThread "jar transforms Thread 63" [_thread_blocked, id=15712, stack(0x000000a076b00000,0x000000a076c00000)]
  0x00000268165c0800 JavaThread "jar transforms Thread 64" [_thread_blocked, id=1288, stack(0x000000a076c00000,0x000000a076d00000)]
  0x00000268165c7000 JavaThread "jar transforms Thread 65" [_thread_blocked, id=12200, stack(0x000000a076d00000,0x000000a076e00000)]
  0x00000268165c1800 JavaThread "jar transforms Thread 66" [_thread_blocked, id=2516, stack(0x000000a076e00000,0x000000a076f00000)]
  0x00000268134aa800 JavaThread "jar transforms Thread 67" [_thread_blocked, id=13744, stack(0x000000a076f00000,0x000000a077000000)]
  0x00000268134ab800 JavaThread "jar transforms Thread 68" [_thread_blocked, id=16380, stack(0x000000a077000000,0x000000a077100000)]
  0x00000268134a5800 JavaThread "jar transforms Thread 69" [_thread_blocked, id=14096, stack(0x000000a077100000,0x000000a077200000)]
  0x00000268134ac000 JavaThread "jar transforms Thread 70" [_thread_blocked, id=18132, stack(0x000000a077200000,0x000000a077300000)]
  0x00000268134a6800 JavaThread "jar transforms Thread 71" [_thread_blocked, id=16136, stack(0x000000a077300000,0x000000a077400000)]
  0x00000268134ad000 JavaThread "jar transforms Thread 72" [_thread_blocked, id=3184, stack(0x000000a077400000,0x000000a077500000)]
  0x00000268134a9000 JavaThread "jar transforms Thread 73" [_thread_blocked, id=9304, stack(0x000000a077500000,0x000000a077600000)]
  0x00000268134a7000 JavaThread "jar transforms Thread 74" [_thread_blocked, id=8120, stack(0x000000a077600000,0x000000a077700000)]
  0x00000268134ae000 JavaThread "jar transforms Thread 75" [_thread_blocked, id=16664, stack(0x000000a077700000,0x000000a077800000)]
  0x00000268134a8000 JavaThread "jar transforms Thread 76" [_thread_blocked, id=16632, stack(0x000000a077800000,0x000000a077900000)]
  0x00000268134af800 JavaThread "jar transforms Thread 77" [_thread_blocked, id=17080, stack(0x000000a077900000,0x000000a077a00000)]
  0x00000268134ae800 JavaThread "jar transforms Thread 78" [_thread_blocked, id=5812, stack(0x000000a077a00000,0x000000a077b00000)]
  0x00000268134a9800 JavaThread "jar transforms Thread 79" [_thread_blocked, id=15368, stack(0x000000a077b00000,0x000000a077c00000)]
  0x00000268134b0000 JavaThread "jar transforms Thread 80" [_thread_blocked, id=4900, stack(0x000000a077c00000,0x000000a077d00000)]
  0x00000268134b2000 JavaThread "jar transforms Thread 81" [_thread_blocked, id=14568, stack(0x000000a077d00000,0x000000a077e00000)]
  0x00000268134b1000 JavaThread "jar transforms Thread 82" [_thread_blocked, id=3192, stack(0x000000a077e00000,0x000000a077f00000)]
  0x00000268134b2800 JavaThread "jar transforms Thread 83" [_thread_blocked, id=5164, stack(0x000000a077f00000,0x000000a078000000)]
  0x00000268134b3800 JavaThread "jar transforms Thread 84" [_thread_blocked, id=2952, stack(0x000000a078000000,0x000000a078100000)]
  0x00000268134b4800 JavaThread "jar transforms Thread 85" [_thread_blocked, id=7924, stack(0x000000a078100000,0x000000a078200000)]
  0x0000026816098000 JavaThread "jar transforms Thread 86" [_thread_blocked, id=3228, stack(0x000000a078200000,0x000000a078300000)]
  0x0000026816098800 JavaThread "jar transforms Thread 87" [_thread_blocked, id=9716, stack(0x000000a078300000,0x000000a078400000)]
  0x000002681609b000 JavaThread "jar transforms Thread 88" [_thread_blocked, id=12252, stack(0x000000a078400000,0x000000a078500000)]
  0x000002681609d000 JavaThread "jar transforms Thread 89" [_thread_blocked, id=16308, stack(0x000000a078500000,0x000000a078600000)]
  0x0000026816097000 JavaThread "jar transforms Thread 90" [_thread_blocked, id=5560, stack(0x000000a078600000,0x000000a078700000)]
  0x000002681609e800 JavaThread "jar transforms Thread 91" [_thread_blocked, id=16832, stack(0x000000a078700000,0x000000a078800000)]
  0x0000026816099800 JavaThread "jar transforms Thread 92" [_thread_blocked, id=16288, stack(0x000000a078800000,0x000000a078900000)]
  0x000002681609d800 JavaThread "jar transforms Thread 93" [_thread_blocked, id=772, stack(0x000000a078900000,0x000000a078a00000)]
  0x000002681609c000 JavaThread "jar transforms Thread 94" [_thread_blocked, id=13516, stack(0x000000a078a00000,0x000000a078b00000)]
  0x000002681609a800 JavaThread "jar transforms Thread 95" [_thread_blocked, id=8488, stack(0x000000a078b00000,0x000000a078c00000)]
  0x00000268160a4000 JavaThread "jar transforms Thread 96" [_thread_blocked, id=11956, stack(0x000000a078c00000,0x000000a078d00000)]
  0x00000268160a2800 JavaThread "jar transforms Thread 97" [_thread_blocked, id=12560, stack(0x000000a078d00000,0x000000a078e00000)]
=>0x0000026816757800 JavaThread "C2 CompilerThread1" daemon [_thread_in_native, id=1448, stack(0x000000a071c00000,0x000000a071d00000)]
  0x0000026816d3b000 JavaThread "C2 CompilerThread2" daemon [_thread_in_native, id=2172, stack(0x000000a072000000,0x000000a072100000)]
  0x000002681609f000 JavaThread "Memory manager" [_thread_blocked, id=2936, stack(0x000000a078e00000,0x000000a078f00000)]

Other Threads:
  0x000002687f6b7800 VMThread "VM Thread" [stack: 0x000000a06fa00000,0x000000a06fb00000] [id=9388]
  0x00000268111cb800 WatcherThread [stack: 0x000000a070400000,0x000000a070500000] [id=9292]
  0x0000026875c0f800 GCTaskThread "GC Thread#0" [stack: 0x000000a06f500000,0x000000a06f600000] [id=8160]
  0x0000026811c26800 GCTaskThread "GC Thread#1" [stack: 0x000000a070600000,0x000000a070700000] [id=11484]
  0x0000026811dc3800 GCTaskThread "GC Thread#2" [stack: 0x000000a070700000,0x000000a070800000] [id=16428]
  0x0000026812f8e800 GCTaskThread "GC Thread#3" [stack: 0x000000a071300000,0x000000a071400000] [id=17084]
  0x0000026812f4b800 GCTaskThread "GC Thread#4" [stack: 0x000000a071400000,0x000000a071500000] [id=10024]
  0x0000026812ed3000 GCTaskThread "GC Thread#5" [stack: 0x000000a071500000,0x000000a071600000] [id=4968]
  0x0000026812685000 GCTaskThread "GC Thread#6" [stack: 0x000000a071600000,0x000000a071700000] [id=18364]
  0x0000026812eb2000 GCTaskThread "GC Thread#7" [stack: 0x000000a071700000,0x000000a071800000] [id=4688]
  0x0000026875c42000 ConcurrentGCThread "G1 Main Marker" [stack: 0x000000a06f600000,0x000000a06f700000] [id=12920]
  0x0000026875c44800 ConcurrentGCThread "G1 Conc#0" [stack: 0x000000a06f700000,0x000000a06f800000] [id=14712]
  0x0000026812214800 ConcurrentGCThread "G1 Conc#1" [stack: 0x000000a071a00000,0x000000a071b00000] [id=6528]
  0x000002687f510800 ConcurrentGCThread "G1 Refine#0" [stack: 0x000000a06f800000,0x000000a06f900000] [id=6772]
  0x000002687f511000 ConcurrentGCThread "G1 Young RemSet Sampling" [stack: 0x000000a06f900000,0x000000a06fa00000] [id=11108]

Threads with active compile tasks:
C2 CompilerThread0   8440 5339       4       java.lang.Class::getMethodsRecursive (99 bytes)
C2 CompilerThread1   8440 5310       4       java.util.regex.Pattern::compile (498 bytes)
C2 CompilerThread2   8440 5341       4       org.codehaus.groovy.runtime.metaclass.MetaMethodIndex::addMethodToList (298 bytes)

VM state:not at safepoint (normal execution)

VM Mutex/Monitor currently owned by a thread: None

Heap address: 0x0000000080000000, size: 2048 MB, Compressed Oops mode: 32-bit
Narrow klass base: 0x0000000000000000, Narrow klass shift: 3
Compressed class space size: 1073741824 Address: 0x0000000100000000

Heap:
 garbage-first heap   total 129024K, used 61429K [0x0000000080000000, 0x0000000100000000)
  region size 1024K, 25 young (25600K), 6 survivors (6144K)
 Metaspace       used 59133K, capacity 60560K, committed 60748K, reserved 1101824K
  class space    used 7525K, capacity 8032K, committed 8064K, reserved 1048576K
Heap Regions: E=young(eden), S=young(survivor), O=old, HS=humongous(starts), HC=humongous(continues), CS=collection set, F=free, A=archive, TAMS=top-at-mark-start (previous, next)
|   0|0x0000000080000000, 0x0000000080100000, 0x0000000080100000|100%| O|  |TAMS 0x0000000080100000, 0x0000000080000000| Untracked 
|   1|0x0000000080100000, 0x0000000080200000, 0x0000000080200000|100%| O|  |TAMS 0x0000000080200000, 0x0000000080100000| Untracked 
|   2|0x0000000080200000, 0x0000000080300000, 0x0000000080300000|100%| O|  |TAMS 0x0000000080300000, 0x0000000080200000| Untracked 
|   3|0x0000000080300000, 0x0000000080400000, 0x0000000080400000|100%|HS|  |TAMS 0x0000000080400000, 0x0000000080300000| Complete 
|   4|0x0000000080400000, 0x0000000080500000, 0x0000000080500000|100%|HC|  |TAMS 0x0000000080500000, 0x0000000080400000| Complete 
|   5|0x0000000080500000, 0x0000000080600000, 0x0000000080600000|100%|HC|  |TAMS 0x0000000080600000, 0x0000000080500000| Complete 
|   6|0x0000000080600000, 0x0000000080700000, 0x0000000080700000|100%| O|  |TAMS 0x0000000080700000, 0x0000000080600000| Untracked 
|   7|0x0000000080700000, 0x0000000080800000, 0x0000000080800000|100%| O|  |TAMS 0x0000000080800000, 0x0000000080700000| Untracked 
|   8|0x0000000080800000, 0x0000000080900000, 0x0000000080900000|100%| O|  |TAMS 0x0000000080900000, 0x0000000080800000| Untracked 
|   9|0x0000000080900000, 0x0000000080a00000, 0x0000000080a00000|100%| O|  |TAMS 0x0000000080a00000, 0x0000000080900000| Untracked 
|  10|0x0000000080a00000, 0x0000000080b00000, 0x0000000080b00000|100%| O|  |TAMS 0x0000000080b00000, 0x0000000080a00000| Untracked 
|  11|0x0000000080b00000, 0x0000000080c00000, 0x0000000080c00000|100%| O|  |TAMS 0x0000000080c00000, 0x0000000080b00000| Untracked 
|  12|0x0000000080c00000, 0x0000000080d00000, 0x0000000080d00000|100%| O|  |TAMS 0x0000000080d00000, 0x0000000080c00000| Untracked 
|  13|0x0000000080d00000, 0x0000000080e00000, 0x0000000080e00000|100%| O|  |TAMS 0x0000000080e00000, 0x0000000080d00000| Untracked 
|  14|0x0000000080e00000, 0x0000000080f00000, 0x0000000080f00000|100%| O|  |TAMS 0x0000000080f00000, 0x0000000080e00000| Untracked 
|  15|0x0000000080f00000, 0x0000000081000000, 0x0000000081000000|100%|HS|  |TAMS 0x0000000081000000, 0x0000000080f00000| Complete 
|  16|0x0000000081000000, 0x0000000081100000, 0x0000000081100000|100%| O|  |TAMS 0x0000000081100000, 0x0000000081000000| Untracked 
|  17|0x0000000081100000, 0x0000000081200000, 0x0000000081200000|100%| O|  |TAMS 0x0000000081200000, 0x0000000081100000| Untracked 
|  18|0x0000000081200000, 0x0000000081300000, 0x0000000081300000|100%| O|  |TAMS 0x0000000081300000, 0x0000000081200000| Untracked 
|  19|0x0000000081300000, 0x0000000081400000, 0x0000000081400000|100%| O|  |TAMS 0x0000000081400000, 0x0000000081300000| Untracked 
|  20|0x0000000081400000, 0x0000000081500000, 0x0000000081500000|100%| O|  |TAMS 0x0000000081500000, 0x0000000081400000| Untracked 
|  21|0x0000000081500000, 0x0000000081600000, 0x0000000081600000|100%| O|  |TAMS 0x0000000081600000, 0x0000000081500000| Untracked 
|  22|0x0000000081600000, 0x0000000081700000, 0x0000000081700000|100%|HS|  |TAMS 0x0000000081700000, 0x0000000081600000| Complete 
|  23|0x0000000081700000, 0x0000000081800000, 0x0000000081800000|100%|HC|  |TAMS 0x0000000081800000, 0x0000000081700000| Complete 
|  24|0x0000000081800000, 0x0000000081900000, 0x0000000081900000|100%| O|  |TAMS 0x0000000081900000, 0x0000000081800000| Untracked 
|  25|0x0000000081900000, 0x0000000081a00000, 0x0000000081a00000|100%| O|  |TAMS 0x0000000081a00000, 0x0000000081900000| Untracked 
|  26|0x0000000081a00000, 0x0000000081b00000, 0x0000000081b00000|100%| O|  |TAMS 0x0000000081b00000, 0x0000000081a00000| Untracked 
|  27|0x0000000081b00000, 0x0000000081c00000, 0x0000000081c00000|100%| O|  |TAMS 0x0000000081c00000, 0x0000000081b00000| Untracked 
|  28|0x0000000081c00000, 0x0000000081d00000, 0x0000000081d00000|100%| O|  |TAMS 0x0000000081d00000, 0x0000000081c00000| Untracked 
|  29|0x0000000081d00000, 0x0000000081e00000, 0x0000000081e00000|100%| O|  |TAMS 0x0000000081e00000, 0x0000000081d00000| Untracked 
|  30|0x0000000081e00000, 0x0000000081f00000, 0x0000000081f00000|100%| O|  |TAMS 0x0000000081f00000, 0x0000000081e00000| Untracked 
|  31|0x0000000081f00000, 0x0000000082000000, 0x0000000082000000|100%| O|  |TAMS 0x0000000082000000, 0x0000000081f00000| Untracked 
|  32|0x0000000082000000, 0x0000000082000000, 0x0000000082100000|  0%| F|  |TAMS 0x0000000082000000, 0x0000000082000000| Untracked 
|  33|0x0000000082100000, 0x0000000082200000, 0x0000000082200000|100%| O|  |TAMS 0x0000000082200000, 0x0000000082100000| Untracked 
|  34|0x0000000082200000, 0x0000000082300000, 0x0000000082300000|100%| O|  |TAMS 0x0000000082300000, 0x0000000082200000| Untracked 
|  35|0x0000000082300000, 0x0000000082400000, 0x0000000082400000|100%| O|  |TAMS 0x0000000082400000, 0x0000000082300000| Untracked 
|  36|0x0000000082400000, 0x0000000082500000, 0x0000000082500000|100%| O|  |TAMS 0x0000000082500000, 0x0000000082400000| Untracked 
|  37|0x0000000082500000, 0x0000000082567e00, 0x0000000082600000| 40%| O|  |TAMS 0x0000000082567e00, 0x0000000082500000| Untracked 
|  38|0x0000000082600000, 0x0000000082600000, 0x0000000082700000|  0%| F|  |TAMS 0x0000000082600000, 0x0000000082600000| Untracked 
|  39|0x0000000082700000, 0x0000000082700000, 0x0000000082800000|  0%| F|  |TAMS 0x0000000082700000, 0x0000000082700000| Untracked 
|  40|0x0000000082800000, 0x0000000082800000, 0x0000000082900000|  0%| F|  |TAMS 0x0000000082800000, 0x0000000082800000| Untracked 
|  41|0x0000000082900000, 0x0000000082900000, 0x0000000082a00000|  0%| F|  |TAMS 0x0000000082900000, 0x0000000082900000| Untracked 
|  42|0x0000000082a00000, 0x0000000082a00000, 0x0000000082b00000|  0%| F|  |TAMS 0x0000000082a00000, 0x0000000082a00000| Untracked 
|  43|0x0000000082b00000, 0x0000000082b00000, 0x0000000082c00000|  0%| F|  |TAMS 0x0000000082b00000, 0x0000000082b00000| Untracked 
|  44|0x0000000082c00000, 0x0000000082c00000, 0x0000000082d00000|  0%| F|  |TAMS 0x0000000082c00000, 0x0000000082c00000| Untracked 
|  45|0x0000000082d00000, 0x0000000082d00000, 0x0000000082e00000|  0%| F|  |TAMS 0x0000000082d00000, 0x0000000082d00000| Untracked 
|  46|0x0000000082e00000, 0x0000000082e00000, 0x0000000082f00000|  0%| F|  |TAMS 0x0000000082e00000, 0x0000000082e00000| Untracked 
|  47|0x0000000082f00000, 0x0000000082f00000, 0x0000000083000000|  0%| F|  |TAMS 0x0000000082f00000, 0x0000000082f00000| Untracked 
|  48|0x0000000083000000, 0x0000000083000000, 0x0000000083100000|  0%| F|  |TAMS 0x0000000083000000, 0x0000000083000000| Untracked 
|  49|0x0000000083100000, 0x0000000083100000, 0x0000000083200000|  0%| F|  |TAMS 0x0000000083100000, 0x0000000083100000| Untracked 
|  50|0x0000000083200000, 0x0000000083200000, 0x0000000083300000|  0%| F|  |TAMS 0x0000000083200000, 0x0000000083200000| Untracked 
|  51|0x0000000083300000, 0x0000000083300000, 0x0000000083400000|  0%| F|  |TAMS 0x0000000083300000, 0x0000000083300000| Untracked 
|  52|0x0000000083400000, 0x0000000083400000, 0x0000000083500000|  0%| F|  |TAMS 0x0000000083400000, 0x0000000083400000| Untracked 
|  53|0x0000000083500000, 0x0000000083500000, 0x0000000083600000|  0%| F|  |TAMS 0x0000000083500000, 0x0000000083500000| Untracked 
|  54|0x0000000083600000, 0x0000000083600000, 0x0000000083700000|  0%| F|  |TAMS 0x0000000083600000, 0x0000000083600000| Untracked 
|  55|0x0000000083700000, 0x0000000083700000, 0x0000000083800000|  0%| F|  |TAMS 0x0000000083700000, 0x0000000083700000| Untracked 
|  56|0x0000000083800000, 0x0000000083800000, 0x0000000083900000|  0%| F|  |TAMS 0x0000000083800000, 0x0000000083800000| Untracked 
|  57|0x0000000083900000, 0x0000000083900000, 0x0000000083a00000|  0%| F|  |TAMS 0x0000000083900000, 0x0000000083900000| Untracked 
|  58|0x0000000083a00000, 0x0000000083a00000, 0x0000000083b00000|  0%| F|  |TAMS 0x0000000083a00000, 0x0000000083a00000| Untracked 
|  59|0x0000000083b00000, 0x0000000083b00000, 0x0000000083c00000|  0%| F|  |TAMS 0x0000000083b00000, 0x0000000083b00000| Untracked 
|  60|0x0000000083c00000, 0x0000000083c00000, 0x0000000083d00000|  0%| F|  |TAMS 0x0000000083c00000, 0x0000000083c00000| Untracked 
|  61|0x0000000083d00000, 0x0000000083d00000, 0x0000000083e00000|  0%| F|  |TAMS 0x0000000083d00000, 0x0000000083d00000| Untracked 
|  62|0x0000000083e00000, 0x0000000083e00000, 0x0000000083f00000|  0%| F|  |TAMS 0x0000000083e00000, 0x0000000083e00000| Untracked 
|  63|0x0000000083f00000, 0x0000000083f00000, 0x0000000084000000|  0%| F|  |TAMS 0x0000000083f00000, 0x0000000083f00000| Untracked 
|  64|0x0000000084000000, 0x0000000084095910, 0x0000000084100000| 58%| S|CS|TAMS 0x0000000084000000, 0x0000000084000000| Complete 
|  65|0x0000000084100000, 0x0000000084200000, 0x0000000084200000|100%| S|CS|TAMS 0x0000000084100000, 0x0000000084100000| Complete 
|  66|0x0000000084200000, 0x0000000084200000, 0x0000000084300000|  0%| F|  |TAMS 0x0000000084200000, 0x0000000084200000| Untracked 
|  67|0x0000000084300000, 0x0000000084400000, 0x0000000084400000|100%| S|CS|TAMS 0x0000000084300000, 0x0000000084300000| Complete 
|  68|0x0000000084400000, 0x0000000084500000, 0x0000000084500000|100%| S|CS|TAMS 0x0000000084400000, 0x0000000084400000| Complete 
|  69|0x0000000084500000, 0x0000000084600000, 0x0000000084600000|100%| S|CS|TAMS 0x0000000084500000, 0x0000000084500000| Complete 
|  70|0x0000000084600000, 0x0000000084700000, 0x0000000084700000|100%| S|CS|TAMS 0x0000000084600000, 0x0000000084600000| Complete 
|  71|0x0000000084700000, 0x0000000084700000, 0x0000000084800000|  0%| F|  |TAMS 0x0000000084700000, 0x0000000084700000| Untracked 
|  72|0x0000000084800000, 0x0000000084800000, 0x0000000084900000|  0%| F|  |TAMS 0x0000000084800000, 0x0000000084800000| Untracked 
|  73|0x0000000084900000, 0x0000000084900000, 0x0000000084a00000|  0%| F|  |TAMS 0x0000000084900000, 0x0000000084900000| Untracked 
|  74|0x0000000084a00000, 0x0000000084a00000, 0x0000000084b00000|  0%| F|  |TAMS 0x0000000084a00000, 0x0000000084a00000| Untracked 
|  75|0x0000000084b00000, 0x0000000084b00000, 0x0000000084c00000|  0%| F|  |TAMS 0x0000000084b00000, 0x0000000084b00000| Untracked 
|  76|0x0000000084c00000, 0x0000000084c00000, 0x0000000084d00000|  0%| F|  |TAMS 0x0000000084c00000, 0x0000000084c00000| Untracked 
|  77|0x0000000084d00000, 0x0000000084d00000, 0x0000000084e00000|  0%| F|  |TAMS 0x0000000084d00000, 0x0000000084d00000| Untracked 
|  78|0x0000000084e00000, 0x0000000084e00000, 0x0000000084f00000|  0%| F|  |TAMS 0x0000000084e00000, 0x0000000084e00000| Untracked 
|  79|0x0000000084f00000, 0x0000000084f00000, 0x0000000085000000|  0%| F|  |TAMS 0x0000000084f00000, 0x0000000084f00000| Untracked 
|  80|0x0000000085000000, 0x0000000085000000, 0x0000000085100000|  0%| F|  |TAMS 0x0000000085000000, 0x0000000085000000| Untracked 
|  81|0x0000000085100000, 0x0000000085100000, 0x0000000085200000|  0%| F|  |TAMS 0x0000000085100000, 0x0000000085100000| Untracked 
|  82|0x0000000085200000, 0x0000000085200000, 0x0000000085300000|  0%| F|  |TAMS 0x0000000085200000, 0x0000000085200000| Untracked 
|  83|0x0000000085300000, 0x0000000085300000, 0x0000000085400000|  0%| F|  |TAMS 0x0000000085300000, 0x0000000085300000| Untracked 
|  84|0x0000000085400000, 0x0000000085400000, 0x0000000085500000|  0%| F|  |TAMS 0x0000000085400000, 0x0000000085400000| Untracked 
|  85|0x0000000085500000, 0x0000000085500000, 0x0000000085600000|  0%| F|  |TAMS 0x0000000085500000, 0x0000000085500000| Untracked 
|  86|0x0000000085600000, 0x0000000085600000, 0x0000000085700000|  0%| F|  |TAMS 0x0000000085600000, 0x0000000085600000| Untracked 
|  87|0x0000000085700000, 0x0000000085700000, 0x0000000085800000|  0%| F|  |TAMS 0x0000000085700000, 0x0000000085700000| Untracked 
|  88|0x0000000085800000, 0x0000000085800000, 0x0000000085900000|  0%| F|  |TAMS 0x0000000085800000, 0x0000000085800000| Untracked 
|  89|0x0000000085900000, 0x0000000085900000, 0x0000000085a00000|  0%| F|  |TAMS 0x0000000085900000, 0x0000000085900000| Untracked 
|  90|0x0000000085a00000, 0x0000000085a00000, 0x0000000085b00000|  0%| F|  |TAMS 0x0000000085a00000, 0x0000000085a00000| Untracked 
|  91|0x0000000085b00000, 0x0000000085b00000, 0x0000000085c00000|  0%| F|  |TAMS 0x0000000085b00000, 0x0000000085b00000| Untracked 
|  92|0x0000000085c00000, 0x0000000085c00000, 0x0000000085d00000|  0%| F|  |TAMS 0x0000000085c00000, 0x0000000085c00000| Untracked 
|  93|0x0000000085d00000, 0x0000000085d00000, 0x0000000085e00000|  0%| F|  |TAMS 0x0000000085d00000, 0x0000000085d00000| Untracked 
|  94|0x0000000085e00000, 0x0000000085e00000, 0x0000000085f00000|  0%| F|  |TAMS 0x0000000085e00000, 0x0000000085e00000| Untracked 
|  95|0x0000000085f00000, 0x0000000085f00000, 0x0000000086000000|  0%| F|  |TAMS 0x0000000085f00000, 0x0000000085f00000| Untracked 
|  96|0x0000000086000000, 0x0000000086000000, 0x0000000086100000|  0%| F|  |TAMS 0x0000000086000000, 0x0000000086000000| Untracked 
|  97|0x0000000086100000, 0x0000000086100000, 0x0000000086200000|  0%| F|  |TAMS 0x0000000086100000, 0x0000000086100000| Untracked 
|  98|0x0000000086200000, 0x0000000086200000, 0x0000000086300000|  0%| F|  |TAMS 0x0000000086200000, 0x0000000086200000| Untracked 
|  99|0x0000000086300000, 0x0000000086300000, 0x0000000086400000|  0%| F|  |TAMS 0x0000000086300000, 0x0000000086300000| Untracked 
| 100|0x0000000086400000, 0x0000000086400000, 0x0000000086500000|  0%| F|  |TAMS 0x0000000086400000, 0x0000000086400000| Untracked 
| 101|0x0000000086500000, 0x0000000086500000, 0x0000000086600000|  0%| F|  |TAMS 0x0000000086500000, 0x0000000086500000| Untracked 
| 102|0x0000000086600000, 0x0000000086600000, 0x0000000086700000|  0%| F|  |TAMS 0x0000000086600000, 0x0000000086600000| Untracked 
| 103|0x0000000086700000, 0x0000000086700000, 0x0000000086800000|  0%| F|  |TAMS 0x0000000086700000, 0x0000000086700000| Untracked 
| 104|0x0000000086800000, 0x0000000086800000, 0x0000000086900000|  0%| F|  |TAMS 0x0000000086800000, 0x0000000086800000| Untracked 
| 105|0x0000000086900000, 0x0000000086900000, 0x0000000086a00000|  0%| F|  |TAMS 0x0000000086900000, 0x0000000086900000| Untracked 
| 106|0x0000000086a00000, 0x0000000086a00000, 0x0000000086b00000|  0%| F|  |TAMS 0x0000000086a00000, 0x0000000086a00000| Untracked 
| 107|0x0000000086b00000, 0x0000000086c00000, 0x0000000086c00000|100%| E|  |TAMS 0x0000000086b00000, 0x0000000086b00000| Complete 
| 108|0x0000000086c00000, 0x0000000086d00000, 0x0000000086d00000|100%| E|CS|TAMS 0x0000000086c00000, 0x0000000086c00000| Complete 
| 109|0x0000000086d00000, 0x0000000086e00000, 0x0000000086e00000|100%| E|CS|TAMS 0x0000000086d00000, 0x0000000086d00000| Complete 
| 110|0x0000000086e00000, 0x0000000086f00000, 0x0000000086f00000|100%| E|CS|TAMS 0x0000000086e00000, 0x0000000086e00000| Complete 
| 111|0x0000000086f00000, 0x0000000087000000, 0x0000000087000000|100%| E|CS|TAMS 0x0000000086f00000, 0x0000000086f00000| Complete 
| 112|0x0000000087000000, 0x0000000087100000, 0x0000000087100000|100%| E|CS|TAMS 0x0000000087000000, 0x0000000087000000| Complete 
| 113|0x0000000087100000, 0x0000000087200000, 0x0000000087200000|100%| E|CS|TAMS 0x0000000087100000, 0x0000000087100000| Complete 
| 114|0x0000000087200000, 0x0000000087300000, 0x0000000087300000|100%| E|CS|TAMS 0x0000000087200000, 0x0000000087200000| Complete 
| 115|0x0000000087300000, 0x0000000087400000, 0x0000000087400000|100%| E|CS|TAMS 0x0000000087300000, 0x0000000087300000| Complete 
| 116|0x0000000087400000, 0x0000000087500000, 0x0000000087500000|100%| E|CS|TAMS 0x0000000087400000, 0x0000000087400000| Complete 
| 117|0x0000000087500000, 0x0000000087600000, 0x0000000087600000|100%| E|CS|TAMS 0x0000000087500000, 0x0000000087500000| Complete 
| 118|0x0000000087600000, 0x0000000087700000, 0x0000000087700000|100%| E|CS|TAMS 0x0000000087600000, 0x0000000087600000| Complete 
| 119|0x0000000087700000, 0x0000000087800000, 0x0000000087800000|100%| E|CS|TAMS 0x0000000087700000, 0x0000000087700000| Complete 
| 120|0x0000000087800000, 0x0000000087900000, 0x0000000087900000|100%| E|CS|TAMS 0x0000000087800000, 0x0000000087800000| Complete 
| 121|0x0000000087900000, 0x0000000087a00000, 0x0000000087a00000|100%| E|CS|TAMS 0x0000000087900000, 0x0000000087900000| Complete 
| 122|0x0000000087a00000, 0x0000000087b00000, 0x0000000087b00000|100%| E|CS|TAMS 0x0000000087a00000, 0x0000000087a00000| Complete 
| 123|0x0000000087b00000, 0x0000000087c00000, 0x0000000087c00000|100%| E|CS|TAMS 0x0000000087b00000, 0x0000000087b00000| Complete 
| 124|0x0000000087c00000, 0x0000000087d00000, 0x0000000087d00000|100%| E|CS|TAMS 0x0000000087c00000, 0x0000000087c00000| Complete 
| 125|0x0000000087d00000, 0x0000000087e00000, 0x0000000087e00000|100%| E|CS|TAMS 0x0000000087d00000, 0x0000000087d00000| Complete 

Card table byte_map: [0x000002687a3e0000,0x000002687a7e0000] _byte_map_base: 0x0000026879fe0000

Marking Bits (Prev, Next): (CMBitMap*) 0x0000026875c394e0, (CMBitMap*) 0x0000026875c394a8
 Prev Bits: [0x000002687cbe0000, 0x000002687ebe0000)
 Next Bits: [0x000002687abe0000, 0x000002687cbe0000)

Polling page: 0x00000268743a0000

Metaspace:

Usage:
  Non-class:     51.30 MB capacity,    50.40 MB ( 98%) used,   787.45 KB (  1%) free+waste,   132.44 KB ( <1%) overhead. 
      Class:      7.84 MB capacity,     7.35 MB ( 94%) used,   444.31 KB (  6%) free+waste,    62.50 KB ( <1%) overhead. 
       Both:     59.14 MB capacity,    57.75 MB ( 98%) used,     1.20 MB (  2%) free+waste,   194.94 KB ( <1%) overhead. 

Virtual space:
  Non-class space:       52.00 MB reserved,      51.45 MB ( 99%) committed 
      Class space:        1.00 GB reserved,       7.88 MB ( <1%) committed 
             Both:        1.05 GB reserved,      59.32 MB (  6%) committed 

Chunk freelists:
   Non-Class:  80.00 KB
       Class:  32.00 KB
        Both:  112.00 KB

MaxMetaspaceSize: 17179869184.00 GB
CompressedClassSpaceSize: 1.00 GB

CodeHeap 'non-profiled nmethods': size=120000Kb used=2874Kb max_used=2874Kb free=117125Kb
 bounds [0x0000026807ad0000, 0x0000026807da0000, 0x000002680f000000]
CodeHeap 'profiled nmethods': size=120000Kb used=11018Kb max_used=11018Kb free=108981Kb
 bounds [0x00000268005a0000, 0x0000026801070000, 0x0000026807ad0000]
CodeHeap 'non-nmethods': size=5760Kb used=2231Kb max_used=2302Kb free=3529Kb
 bounds [0x0000026800000000, 0x0000026800270000, 0x00000268005a0000]
 total_blobs=5947 nmethods=5136 adapters=722
 compilation: enabled
              stopped_count=0, restarted_count=0
 full_count=0

Compilation events (20 events):
Event: 8.389 Thread 0x000002681104e000 nmethod 5365 0x0000026801040b10 code [0x0000026801040ce0, 0x0000026801040f58]
Event: 8.389 Thread 0x000002681104e000 5360  s    3       java.util.Hashtable::isEmpty (13 bytes)
Event: 8.389 Thread 0x000002681104e000 nmethod 5360 0x0000026801041090 code [0x0000026801041240, 0x00000268010414f8]
Event: 8.389 Thread 0x000002681104e000 5361       3       java.util.Hashtable::entrySet (28 bytes)
Event: 8.390 Thread 0x000002681104e000 nmethod 5361 0x0000026801041590 code [0x00000268010417a0, 0x0000026801041ed8]
Event: 8.390 Thread 0x000002681104e000 5362       3       java.util.Hashtable$EntrySet::iterator (9 bytes)
Event: 8.390 Thread 0x000002681104e000 nmethod 5362 0x0000026801042110 code [0x00000268010422e0, 0x00000268010425a8]
Event: 8.390 Thread 0x000002681104e000 5354       3       java.util.Collections$SynchronizedCollection::<init> (24 bytes)
Event: 8.391 Thread 0x000002681104e000 nmethod 5354 0x0000026801042710 code [0x0000026801042920, 0x0000026801042ed8]
Event: 8.391 Thread 0x000002681104e000 5355       3       java.util.Collections::synchronizedSet (10 bytes)
Event: 8.391 Thread 0x000002681104e000 nmethod 5355 0x0000026801043090 code [0x00000268010432a0, 0x0000026801043978]
Event: 8.391 Thread 0x000002681104e000 5356       3       java.util.Collections$SynchronizedSet::<init> (7 bytes)
Event: 8.392 Thread 0x000002681104e000 nmethod 5356 0x0000026801043b90 code [0x0000026801043da0, 0x00000268010443b8]
Event: 8.392 Thread 0x000002681104e000 5358       3       com.sun.beans.introspect.MethodInfo::<init> (19 bytes)
Event: 8.392 Thread 0x000002681104e000 nmethod 5358 0x0000026801044590 code [0x00000268010447e0, 0x0000026801044f78]
Event: 8.392 Thread 0x000002681104e000 5371       3       java.lang.ClassValue$ClassValueMap::checkCacheLoad (16 bytes)
Event: 8.393 Thread 0x000002681104e000 nmethod 5371 0x0000026801045290 code [0x0000026801045440, 0x00000268010455a8]
Event: 8.393 Thread 0x000002681104e000 5370   !   3       java.lang.ClassValue::initializeMap (40 bytes)
Event: 8.393 Thread 0x000002681104e000 nmethod 5370 0x0000026801045690 code [0x00000268010458a0, 0x0000026801045d98]
Event: 8.393 Thread 0x000002681104e000 5373       3       org.codehaus.groovy.reflection.CachedClass$8::initValue (127 bytes)

GC Heap History (18 events):
Event: 1.014 GC heap before
{Heap before GC invocations=0 (full 0):
 garbage-first heap   total 129024K, used 29696K [0x0000000080000000, 0x0000000100000000)
  region size 1024K, 24 young (24576K), 0 survivors (0K)
 Metaspace       used 10403K, capacity 10640K, committed 11008K, reserved 1058816K
  class space    used 1098K, capacity 1164K, committed 1280K, reserved 1048576K
}
Event: 1.021 GC heap after
{Heap after GC invocations=1 (full 0):
 garbage-first heap   total 129024K, used 8659K [0x0000000080000000, 0x0000000100000000)
  region size 1024K, 3 young (3072K), 3 survivors (3072K)
 Metaspace       used 10403K, capacity 10640K, committed 11008K, reserved 1058816K
  class space    used 1098K, capacity 1164K, committed 1280K, reserved 1048576K
}
Event: 2.982 GC heap before
{Heap before GC invocations=1 (full 0):
 garbage-first heap   total 129024K, used 81363K [0x0000000080000000, 0x0000000100000000)
  region size 1024K, 75 young (76800K), 3 survivors (3072K)
 Metaspace       used 19008K, capacity 19466K, committed 19712K, reserved 1067008K
  class space    used 2309K, capacity 2457K, committed 2560K, reserved 1048576K
}
Event: 2.990 GC heap after
{Heap after GC invocations=2 (full 0):
 garbage-first heap   total 129024K, used 15362K [0x0000000080000000, 0x0000000100000000)
  region size 1024K, 10 young (10240K), 10 survivors (10240K)
 Metaspace       used 19008K, capacity 19466K, committed 19712K, reserved 1067008K
  class space    used 2309K, capacity 2457K, committed 2560K, reserved 1048576K
}
Event: 3.207 GC heap before
{Heap before GC invocations=2 (full 0):
 garbage-first heap   total 129024K, used 26626K [0x0000000080000000, 0x0000000100000000)
  region size 1024K, 22 young (22528K), 10 survivors (10240K)
 Metaspace       used 20629K, capacity 21105K, committed 21248K, reserved 1067008K
  class space    used 2532K, capacity 2710K, committed 2816K, reserved 1048576K
}
Event: 3.219 GC heap after
{Heap after GC invocations=3 (full 0):
 garbage-first heap   total 129024K, used 16025K [0x0000000080000000, 0x0000000100000000)
  region size 1024K, 1 young (1024K), 1 survivors (1024K)
 Metaspace       used 20629K, capacity 21105K, committed 21248K, reserved 1067008K
  class space    used 2532K, capacity 2710K, committed 2816K, reserved 1048576K
}
Event: 4.238 GC heap before
{Heap before GC invocations=4 (full 0):
 garbage-first heap   total 129024K, used 68249K [0x0000000080000000, 0x0000000100000000)
  region size 1024K, 53 young (54272K), 1 survivors (1024K)
 Metaspace       used 26552K, capacity 27150K, committed 27264K, reserved 1073152K
  class space    used 3487K, capacity 3708K, committed 3712K, reserved 1048576K
}
Event: 4.242 GC heap after
{Heap after GC invocations=5 (full 0):
 garbage-first heap   total 129024K, used 17724K [0x0000000080000000, 0x0000000100000000)
  region size 1024K, 3 young (3072K), 3 survivors (3072K)
 Metaspace       used 26552K, capacity 27150K, committed 27264K, reserved 1073152K
  class space    used 3487K, capacity 3708K, committed 3712K, reserved 1048576K
}
Event: 4.860 GC heap before
{Heap before GC invocations=5 (full 0):
 garbage-first heap   total 129024K, used 61756K [0x0000000080000000, 0x0000000100000000)
  region size 1024K, 47 young (48128K), 3 survivors (3072K)
 Metaspace       used 35080K, capacity 35769K, committed 35840K, reserved 1081344K
  class space    used 4569K, capacity 4856K, committed 4864K, reserved 1048576K
}
Event: 4.866 GC heap after
{Heap after GC invocations=6 (full 0):
 garbage-first heap   total 129024K, used 20878K [0x0000000080000000, 0x0000000100000000)
  region size 1024K, 6 young (6144K), 6 survivors (6144K)
 Metaspace       used 35080K, capacity 35769K, committed 35840K, reserved 1081344K
  class space    used 4569K, capacity 4856K, committed 4864K, reserved 1048576K
}
Event: 5.569 GC heap before
{Heap before GC invocations=7 (full 0):
 garbage-first heap   total 129024K, used 85390K [0x0000000080000000, 0x0000000100000000)
  region size 1024K, 66 young (67584K), 6 survivors (6144K)
 Metaspace       used 41032K, capacity 41970K, committed 42240K, reserved 1085440K
  class space    used 5257K, capacity 5574K, committed 5632K, reserved 1048576K
}
Event: 5.577 GC heap after
{Heap after GC invocations=8 (full 0):
 garbage-first heap   total 129024K, used 24314K [0x0000000080000000, 0x0000000100000000)
  region size 1024K, 7 young (7168K), 7 survivors (7168K)
 Metaspace       used 41032K, capacity 41970K, committed 42240K, reserved 1085440K
  class space    used 5257K, capacity 5574K, committed 5632K, reserved 1048576K
}
Event: 6.318 GC heap before
{Heap before GC invocations=8 (full 0):
 garbage-first heap   total 129024K, used 86778K [0x0000000080000000, 0x0000000100000000)
  region size 1024K, 67 young (68608K), 7 survivors (7168K)
 Metaspace       used 44283K, capacity 45300K, committed 45568K, reserved 1089536K
  class space    used 5681K, capacity 6066K, committed 6144K, reserved 1048576K
}
Event: 6.325 GC heap after
{Heap after GC invocations=9 (full 0):
 garbage-first heap   total 129024K, used 30789K [0x0000000080000000, 0x0000000100000000)
  region size 1024K, 9 young (9216K), 9 survivors (9216K)
 Metaspace       used 44283K, capacity 45300K, committed 45568K, reserved 1089536K
  class space    used 5681K, capacity 6066K, committed 6144K, reserved 1048576K
}
Event: 7.183 GC heap before
{Heap before GC invocations=9 (full 0):
 garbage-first heap   total 129024K, used 92229K [0x0000000080000000, 0x0000000100000000)
  region size 1024K, 68 young (69632K), 9 survivors (9216K)
 Metaspace       used 51942K, capacity 53180K, committed 53504K, reserved 1095680K
  class space    used 6622K, capacity 7082K, committed 7168K, reserved 1048576K
}
Event: 7.194 GC heap after
{Heap after GC invocations=10 (full 0):
 garbage-first heap   total 129024K, used 37678K [0x0000000080000000, 0x0000000100000000)
  region size 1024K, 6 young (6144K), 6 survivors (6144K)
 Metaspace       used 51942K, capacity 53180K, committed 53504K, reserved 1095680K
  class space    used 6622K, capacity 7082K, committed 7168K, reserved 1048576K
}
Event: 8.162 GC heap before
{Heap before GC invocations=10 (full 0):
 garbage-first heap   total 129024K, used 93998K [0x0000000080000000, 0x0000000100000000)
  region size 1024K, 61 young (62464K), 6 survivors (6144K)
 Metaspace       used 58596K, capacity 60036K, committed 60160K, reserved 1101824K
  class space    used 7433K, capacity 7923K, committed 7936K, reserved 1048576K
}
Event: 8.177 GC heap after
{Heap after GC invocations=11 (full 0):
 garbage-first heap   total 129024K, used 42997K [0x0000000080000000, 0x0000000100000000)
  region size 1024K, 6 young (6144K), 6 survivors (6144K)
 Metaspace       used 58596K, capacity 60036K, committed 60160K, reserved 1101824K
  class space    used 7433K, capacity 7923K, committed 7936K, reserved 1048576K
}

Deoptimization events (20 events):
Event: 8.230 Thread 0x000002681283f000 Uncommon trap: trap_request=0xffffff4d fr.pc=0x0000026807bc054c relative=0x000000000000056c
Event: 8.230 Thread 0x000002681283f000 Uncommon trap: reason=unstable_if action=reinterpret pc=0x0000026807bc054c method=java.lang.AbstractStringBuilder.appendChars(Ljava/lang/CharSequence;II)V @ 4 c2
Event: 8.230 Thread 0x000002681283f000 DEOPT PACKING pc=0x0000026807bc054c sp=0x000000a070ff7080
Event: 8.230 Thread 0x000002681283f000 DEOPT UNPACKING pc=0x00000268000274af sp=0x000000a070ff6f68 mode 2
Event: 8.230 Thread 0x000002681283f000 Uncommon trap: trap_request=0xffffff4d fr.pc=0x0000026807b39c40 relative=0x0000000000000380
Event: 8.230 Thread 0x000002681283f000 Uncommon trap: reason=unstable_if action=reinterpret pc=0x0000026807b39c40 method=java.lang.AbstractStringBuilder.isLatin1()Z @ 10 c2
Event: 8.230 Thread 0x000002681283f000 DEOPT PACKING pc=0x0000026807b39c40 sp=0x000000a070ff7120
Event: 8.230 Thread 0x000002681283f000 DEOPT UNPACKING pc=0x00000268000274af sp=0x000000a070ff70a0 mode 2
Event: 8.230 Thread 0x000002681283f000 Uncommon trap: trap_request=0xffffff4d fr.pc=0x0000026807b15a94 relative=0x0000000000000454
Event: 8.230 Thread 0x000002681283f000 Uncommon trap: reason=unstable_if action=reinterpret pc=0x0000026807b15a94 method=java.lang.AbstractStringBuilder.putStringAt(ILjava/lang/String;)V @ 8 c2
Event: 8.230 Thread 0x000002681283f000 DEOPT PACKING pc=0x0000026807b15a94 sp=0x000000a070ff6da0
Event: 8.230 Thread 0x000002681283f000 DEOPT UNPACKING pc=0x00000268000274af sp=0x000000a070ff6d00 mode 2
Event: 8.230 Thread 0x000002681283f000 Uncommon trap: trap_request=0xffffff4d fr.pc=0x0000026807b19e98 relative=0x0000000000000458
Event: 8.230 Thread 0x000002681283f000 Uncommon trap: reason=unstable_if action=reinterpret pc=0x0000026807b19e98 method=java.lang.String.substring(II)Ljava/lang/String; @ 31 c2
Event: 8.230 Thread 0x000002681283f000 DEOPT PACKING pc=0x0000026807b19e98 sp=0x000000a070ff6d30
Event: 8.230 Thread 0x000002681283f000 DEOPT UNPACKING pc=0x00000268000274af sp=0x000000a070ff6ce8 mode 2
Event: 8.230 Thread 0x000002681283f000 Uncommon trap: trap_request=0xffffff4d fr.pc=0x0000026807b00a6c relative=0x00000000000000cc
Event: 8.230 Thread 0x000002681283f000 Uncommon trap: reason=unstable_if action=reinterpret pc=0x0000026807b00a6c method=java.lang.String.getBytes([BIB)V @ 5 c2
Event: 8.230 Thread 0x000002681283f000 DEOPT PACKING pc=0x0000026807b00a6c sp=0x000000a070ff6d20
Event: 8.231 Thread 0x000002681283f000 DEOPT UNPACKING pc=0x00000268000274af sp=0x000000a070ff6cc8 mode 2

Classes redefined (0 events):
No events

Internal exceptions (20 events):
Event: 7.106 Thread 0x000002681283f000 Exception <a 'java/lang/NoSuchMethodError'{0x00000000846316e0}: 'int java.lang.invoke.DirectMethodHandle$Holder.invokeInterface(java.lang.Object, java.lang.Object, java.lang.Object, java.lang.Object)'> (0x00000000846316e0) thrown at [./src/hotspot/share/interpreter/linkResolver.cpp, line 773]
Event: 7.323 Thread 0x000002681283f000 Exception <a 'java/lang/NoSuchMethodError'{0x0000000087738328}: 'void java.lang.invoke.DirectMethodHandle$Holder.invokeInterface(java.lang.Object, java.lang.Object, java.lang.Object, java.lang.Object)'> (0x0000000087738328) thrown at [./src/hotspot/share/interpreter/linkResolver.cpp, line 773]
Event: 7.473 Thread 0x000002681283f000 Exception <a 'java/lang/IncompatibleClassChangeError'{0x00000000870c0420}: Found class java.lang.Object, but interface was expected> (0x00000000870c0420) thrown at [./src/hotspot/share/interpreter/linkResolver.cpp, line 839]
Event: 7.506 Thread 0x000002681283f000 Exception <a 'java/lang/NoSuchMethodError'{0x0000000086f5c8a0}: 'void java.lang.invoke.DirectMethodHandle$Holder.invokeStatic(java.lang.Object, java.lang.Object, java.lang.Object, java.lang.Object, java.lang.Object)'> (0x0000000086f5c8a0) thrown at [./src/hotspot/share/interpreter/linkResolver.cpp, line 773]
Event: 7.542 Thread 0x000002681283f000 Implicit null exception at 0x0000026807c67c7b to 0x0000026807c69a04
Event: 7.635 Thread 0x000002681283f000 Implicit null exception at 0x0000026807bbd40b to 0x0000026807bbd4e4
Event: 8.338 Thread 0x000002681283f000 Exception <a 'java/lang/ClassNotFoundException'{0x0000000087860800}: build_92ktklyssemtp7r6ujxsooszwBeanInfo> (0x0000000087860800) thrown at [./src/hotspot/share/classfile/systemDictionary.cpp, line 231]
Event: 8.338 Thread 0x000002681283f000 Exception <a 'java/lang/ClassNotFoundException'{0x00000000878695a8}: build_92ktklyssemtp7r6ujxsooszwCustomizer> (0x00000000878695a8) thrown at [./src/hotspot/share/classfile/systemDictionary.cpp, line 231]
Event: 8.368 Thread 0x000002681283f000 Exception <a 'java/lang/ClassNotFoundException'{0x00000000875037d8}: com/android/build/gradle/internal/dsl/BaseAppModuleExtension_DecoratedBeanInfo> (0x00000000875037d8) thrown at [./src/hotspot/share/classfile/systemDictionary.cpp, line 231]
Event: 8.368 Thread 0x000002681283f000 Exception <a 'java/lang/ClassNotFoundException'{0x000000008751a900}: com/android/build/gradle/internal/dsl/BaseAppModuleExtensionBeanInfo> (0x000000008751a900) thrown at [./src/hotspot/share/classfile/systemDictionary.cpp, line 231]
Event: 8.369 Thread 0x000002681283f000 Exception <a 'java/lang/ClassNotFoundException'{0x000000008752e960}: com/android/build/gradle/AppExtensionBeanInfo> (0x000000008752e960) thrown at [./src/hotspot/share/classfile/systemDictionary.cpp, line 231]
Event: 8.369 Thread 0x000002681283f000 Exception <a 'java/lang/ClassNotFoundException'{0x0000000087543a28}: com/android/build/gradle/AbstractAppExtensionBeanInfo> (0x0000000087543a28) thrown at [./src/hotspot/share/classfile/systemDictionary.cpp, line 231]
Event: 8.369 Thread 0x000002681283f000 Exception <a 'java/lang/ClassNotFoundException'{0x0000000087557db8}: com/android/build/gradle/TestedExtensionBeanInfo> (0x0000000087557db8) thrown at [./src/hotspot/share/classfile/systemDictionary.cpp, line 231]
Event: 8.369 Thread 0x000002681283f000 Exception <a 'java/lang/ClassNotFoundException'{0x000000008756c2f0}: com/android/build/gradle/BaseExtensionBeanInfo> (0x000000008756c2f0) thrown at [./src/hotspot/share/classfile/systemDictionary.cpp, line 231]
Event: 8.370 Thread 0x000002681283f000 Exception <a 'java/lang/ClassNotFoundException'{0x0000000087580968}: com/android/build/gradle/BaseExtensionCustomizer> (0x0000000087580968) thrown at [./src/hotspot/share/classfile/systemDictionary.cpp, line 231]
Event: 8.373 Thread 0x000002681283f000 Exception <a 'java/lang/ClassNotFoundException'{0x00000000875ecc50}: com/android/build/gradle/TestedExtensionCustomizer> (0x00000000875ecc50) thrown at [./src/hotspot/share/classfile/systemDictionary.cpp, line 231]
Event: 8.374 Thread 0x000002681283f000 Exception <a 'java/lang/ClassNotFoundException'{0x000000008741aa50}: com/android/build/gradle/AbstractAppExtensionCustomizer> (0x000000008741aa50) thrown at [./src/hotspot/share/classfile/systemDictionary.cpp, line 231]
Event: 8.376 Thread 0x000002681283f000 Exception <a 'java/lang/ClassNotFoundException'{0x0000000087444bb8}: com/android/build/gradle/AppExtensionCustomizer> (0x0000000087444bb8) thrown at [./src/hotspot/share/classfile/systemDictionary.cpp, line 231]
Event: 8.377 Thread 0x000002681283f000 Exception <a 'java/lang/ClassNotFoundException'{0x0000000087470980}: com/android/build/gradle/internal/dsl/BaseAppModuleExtensionCustomizer> (0x0000000087470980) thrown at [./src/hotspot/share/classfile/systemDictionary.cpp, line 231]
Event: 8.382 Thread 0x000002681283f000 Exception <a 'java/lang/ClassNotFoundException'{0x00000000873171d0}: com/android/build/gradle/internal/dsl/BaseAppModuleExtension_DecoratedCustomizer> (0x00000000873171d0) thrown at [./src/hotspot/share/classfile/systemDictionary.cpp, line 231]

Events (20 events):
Event: 8.374 loading class com/android/build/gradle/AbstractAppExtensionCustomizer
Event: 8.374 loading class com/android/build/gradle/AbstractAppExtensionCustomizer done
Event: 8.375 loading class com/android/build/gradle/AppExtensionCustomizer
Event: 8.375 loading class com/android/build/gradle/AppExtensionCustomizer done
Event: 8.376 loading class com/android/build/gradle/AppExtensionCustomizer
Event: 8.376 loading class com/android/build/gradle/AppExtensionCustomizer done
Event: 8.376 loading class com/android/build/gradle/internal/dsl/BaseAppModuleExtensionCustomizer
Event: 8.376 loading class com/android/build/gradle/internal/dsl/BaseAppModuleExtensionCustomizer done
Event: 8.377 loading class com/android/build/gradle/internal/dsl/BaseAppModuleExtensionCustomizer
Event: 8.377 loading class com/android/build/gradle/internal/dsl/BaseAppModuleExtensionCustomizer done
Event: 8.382 loading class com/android/build/gradle/internal/dsl/BaseAppModuleExtension_DecoratedCustomizer
Event: 8.382 loading class com/android/build/gradle/internal/dsl/BaseAppModuleExtension_DecoratedCustomizer done
Event: 8.382 loading class com/android/build/gradle/internal/dsl/BaseAppModuleExtension_DecoratedCustomizer
Event: 8.382 loading class com/android/build/gradle/internal/dsl/BaseAppModuleExtension_DecoratedCustomizer done
Event: 8.391 loading class groovy/runtime/metaclass/build_92ktklyssemtp7r6ujxsooszw$_run_closure1$_closure3MetaClass
Event: 8.391 loading class groovy/runtime/metaclass/build_92ktklyssemtp7r6ujxsooszw$_run_closure1$_closure3MetaClass done
Event: 8.392 loading class org/gradle/util/ConfigureUtil
Event: 8.392 loading class org/gradle/util/ConfigureUtil done
Event: 8.392 loading class groovy/runtime/metaclass/com/android/build/gradle/internal/dsl/DefaultConfig_DecoratedMetaClass
Event: 8.392 loading class groovy/runtime/metaclass/com/android/build/gradle/internal/dsl/DefaultConfig_DecoratedMetaClass done


Dynamic libraries:
0x00007ff67d800000 - 0x00007ff67d80a000 	C:\Program Files\Android\Android Studio\jre\bin\java.exe
0x00007ffb09310000 - 0x00007ffb09505000 	C:\WINDOWS\SYSTEM32\ntdll.dll
0x00007ffb07460000 - 0x00007ffb0751d000 	C:\WINDOWS\System32\KERNEL32.DLL
0x00007ffb06e40000 - 0x00007ffb07108000 	C:\WINDOWS\System32\KERNELBASE.dll
0x00007ffb07220000 - 0x00007ffb07320000 	C:\WINDOWS\System32\ucrtbase.dll
0x00007ffaf4bc0000 - 0x00007ffaf4bd9000 	C:\Program Files\Android\Android Studio\jre\bin\jli.dll
0x00007ffaf4b20000 - 0x00007ffaf4b37000 	C:\Program Files\Android\Android Studio\jre\bin\VCRUNTIME140.dll
0x00007ffb084d0000 - 0x00007ffb08670000 	C:\WINDOWS\System32\USER32.dll
0x00007ffaf2690000 - 0x00007ffaf292a000 	C:\WINDOWS\WinSxS\amd64_microsoft.windows.common-controls_6595b64144ccf1df_6.0.19041.844_none_ca00b6081b84eb1d\COMCTL32.dll
0x00007ffb06e10000 - 0x00007ffb06e32000 	C:\WINDOWS\System32\win32u.dll
0x00007ffb08f50000 - 0x00007ffb08fee000 	C:\WINDOWS\System32\msvcrt.dll
0x00007ffb08180000 - 0x00007ffb081aa000 	C:\WINDOWS\System32\GDI32.dll
0x00007ffb07110000 - 0x00007ffb0721b000 	C:\WINDOWS\System32\gdi32full.dll
0x00007ffb06a50000 - 0x00007ffb06aed000 	C:\WINDOWS\System32\msvcp_win.dll
0x00007ffb07370000 - 0x00007ffb073a0000 	C:\WINDOWS\System32\IMM32.DLL
0x00007ffae5810000 - 0x00007ffae58ad000 	C:\Program Files\Android\Android Studio\jre\bin\msvcp140.dll
0x00007ffac9c80000 - 0x00007ffaca73c000 	C:\Program Files\Android\Android Studio\jre\bin\server\jvm.dll
0x00007ffb09220000 - 0x00007ffb092cc000 	C:\WINDOWS\System32\ADVAPI32.dll
0x00007ffb08420000 - 0x00007ffb084bb000 	C:\WINDOWS\System32\sechost.dll
0x00007ffb07530000 - 0x00007ffb0765b000 	C:\WINDOWS\System32\RPCRT4.dll
0x00007ffb07520000 - 0x00007ffb07528000 	C:\WINDOWS\System32\PSAPI.DLL
0x00007ffb01620000 - 0x00007ffb0162a000 	C:\WINDOWS\SYSTEM32\VERSION.dll
0x00007ffaf2370000 - 0x00007ffaf2379000 	C:\WINDOWS\SYSTEM32\WSOCK32.dll
0x00007ffaf5490000 - 0x00007ffaf54b7000 	C:\WINDOWS\SYSTEM32\WINMM.dll
0x00007ffb07710000 - 0x00007ffb0777b000 	C:\WINDOWS\System32\WS2_32.dll
0x00007ffb05320000 - 0x00007ffb05332000 	C:\WINDOWS\SYSTEM32\kernel.appcore.dll
0x00007ffb037c0000 - 0x00007ffb037d1000 	C:\Program Files\Android\Android Studio\jre\bin\verify.dll
0x00007ffb04880000 - 0x00007ffb04a64000 	C:\WINDOWS\SYSTEM32\DBGHELP.DLL
0x00007ffafba90000 - 0x00007ffafbabc000 	C:\WINDOWS\SYSTEM32\dbgcore.DLL
0x00007ffb06ba0000 - 0x00007ffb06c20000 	C:\WINDOWS\System32\bcryptPrimitives.dll
0x00007ffb00900000 - 0x00007ffb00929000 	C:\Program Files\Android\Android Studio\jre\bin\java.dll
0x00007ffb03720000 - 0x00007ffb0372b000 	C:\Program Files\Android\Android Studio\jre\bin\jimage.dll
0x00007ffafba40000 - 0x00007ffafba58000 	C:\Program Files\Android\Android Studio\jre\bin\zip.dll
0x00007ffb078a0000 - 0x00007ffb07fe2000 	C:\WINDOWS\System32\SHELL32.dll
0x00007ffb04b70000 - 0x00007ffb05301000 	C:\WINDOWS\SYSTEM32\windows.storage.dll
0x00007ffb08b90000 - 0x00007ffb08ee5000 	C:\WINDOWS\System32\combase.dll
0x00007ffb06450000 - 0x00007ffb0647c000 	C:\WINDOWS\SYSTEM32\Wldp.dll
0x00007ffb07660000 - 0x00007ffb0770e000 	C:\WINDOWS\System32\SHCORE.dll
0x00007ffb08ef0000 - 0x00007ffb08f45000 	C:\WINDOWS\System32\shlwapi.dll
0x00007ffb06990000 - 0x00007ffb069af000 	C:\WINDOWS\SYSTEM32\profapi.dll
0x00007ffafb9a0000 - 0x00007ffafb9ba000 	C:\Program Files\Android\Android Studio\jre\bin\net.dll
0x00007ffafae70000 - 0x00007ffafaf7b000 	C:\WINDOWS\SYSTEM32\WINHTTP.dll
0x00007ffb06160000 - 0x00007ffb061ca000 	C:\WINDOWS\system32\mswsock.dll
0x00007ffafb980000 - 0x00007ffafb994000 	C:\Program Files\Android\Android Studio\jre\bin\nio.dll
0x00007ffaf71c0000 - 0x00007ffaf71e7000 	C:\Users\DELL\.gradle\native\fdc75f09e3144964f2cf3f50f0aa648679c211496f362492102eb8c894070792\windows-amd64\native-platform.dll
0x00007ffae0740000 - 0x00007ffae08d6000 	C:\Users\DELL\.gradle\native\12488b8bf47d2d4c9fbf2f6322a914ad602e24e48041cd04a747c6da556b65c4\windows-amd64\native-platform-file-events.dll
0x00007ffafb970000 - 0x00007ffafb97a000 	C:\Program Files\Android\Android Studio\jre\bin\management.dll
0x00007ffafb940000 - 0x00007ffafb94c000 	C:\Program Files\Android\Android Studio\jre\bin\management_ext.dll
0x00007ffb06330000 - 0x00007ffb06348000 	C:\WINDOWS\SYSTEM32\CRYPTSP.dll
0x00007ffb05b00000 - 0x00007ffb05b34000 	C:\WINDOWS\system32\rsaenh.dll
0x00007ffb06de0000 - 0x00007ffb06e07000 	C:\WINDOWS\System32\bcrypt.dll
0x00007ffb06910000 - 0x00007ffb0693e000 	C:\WINDOWS\SYSTEM32\USERENV.dll
0x00007ffb06350000 - 0x00007ffb0635c000 	C:\WINDOWS\SYSTEM32\CRYPTBASE.dll
0x00007ffb05e50000 - 0x00007ffb05e8b000 	C:\WINDOWS\SYSTEM32\IPHLPAPI.DLL
0x00007ffb084c0000 - 0x00007ffb084c8000 	C:\WINDOWS\System32\NSI.dll
0x00007ffaf67e0000 - 0x00007ffaf67f7000 	C:\WINDOWS\SYSTEM32\dhcpcsvc6.DLL
0x00007ffaf6900000 - 0x00007ffaf691d000 	C:\WINDOWS\SYSTEM32\dhcpcsvc.DLL
0x00007ffb05e90000 - 0x00007ffb05f5c000 	C:\WINDOWS\SYSTEM32\DNSAPI.dll
0x00007ffaf6e60000 - 0x00007ffaf6e6b000 	C:\WINDOWS\SYSTEM32\WINNSI.DLL

dbghelp: loaded successfully - version: 4.0.5 - missing functions: none
symbol engine: initialized successfully - sym options: 0x614 - pdb path: .;C:\Program Files\Android\Android Studio\jre\bin;C:\WINDOWS\SYSTEM32;C:\WINDOWS\WinSxS\amd64_microsoft.windows.common-controls_6595b64144ccf1df_6.0.19041.844_none_ca00b6081b84eb1d;C:\Program Files\Android\Android Studio\jre\bin\server;C:\Users\DELL\.gradle\native\fdc75f09e3144964f2cf3f50f0aa648679c211496f362492102eb8c894070792\windows-amd64;C:\Users\DELL\.gradle\native\12488b8bf47d2d4c9fbf2f6322a914ad602e24e48041cd04a747c6da556b65c4\windows-amd64

VM Arguments:
jvm_args: --add-opens=java.base/java.util=ALL-UNNAMED --add-opens=java.base/java.lang=ALL-UNNAMED --add-opens=java.base/java.lang.invoke=ALL-UNNAMED --add-opens=java.prefs/java.util.prefs=ALL-UNNAMED -Xmx2048m -Dfile.encoding=UTF-8 -Duser.country=US -Duser.language=en -Duser.variant 
java_command: org.gradle.launcher.daemon.bootstrap.GradleDaemon 6.7.1
java_class_path (initial): C:\Users\DELL\.gradle\wrapper\dists\gradle-6.7.1-bin\bwlcbys1h7rz3272sye1xwiv6\gradle-6.7.1\lib\gradle-launcher-6.7.1.jar
Launcher Type: SUN_STANDARD

[Global flags]
     intx CICompilerCount                          = 4                                         {product} {ergonomic}
     uint ConcGCThreads                            = 2                                         {product} {ergonomic}
     uint G1ConcRefinementThreads                  = 8                                         {product} {ergonomic}
   size_t G1HeapRegionSize                         = 1048576                                   {product} {ergonomic}
    uintx GCDrainStackTargetSize                   = 64                                        {product} {ergonomic}
   size_t InitialHeapSize                          = 132120576                                 {product} {ergonomic}
   size_t MarkStackSize                            = 4194304                                   {product} {ergonomic}
   size_t MaxHeapSize                              = 2147483648                                {product} {command line}
   size_t MaxNewSize                               = 1287651328                                {product} {ergonomic}
   size_t MinHeapDeltaBytes                        = 1048576                                   {product} {ergonomic}
    uintx NonNMethodCodeHeapSize                   = 5836300                                {pd product} {ergonomic}
    uintx NonProfiledCodeHeapSize                  = 122910970                              {pd product} {ergonomic}
    uintx ProfiledCodeHeapSize                     = 122910970                              {pd product} {ergonomic}
    uintx ReservedCodeCacheSize                    = 251658240                              {pd product} {ergonomic}
     bool SegmentedCodeCache                       = true                                      {product} {ergonomic}
     bool UseCompressedClassPointers               = true                                 {lp64_product} {ergonomic}
     bool UseCompressedOops                        = true                                 {lp64_product} {ergonomic}
     bool UseG1GC                                  = true                                      {product} {ergonomic}
     bool UseLargePagesIndividualAllocation        = false                                  {pd product} {ergonomic}

Logging:
Log output configuration:
 #0: stdout all=warning uptime,level,tags
 #1: stderr all=off uptime,level,tags

Environment Variables:
PATH=C:\Program Files\OpenJDK\jdk-11.0.8.10-hotspot\bin;C:\WINDOWS\system32;C:\WINDOWS;C:\WINDOWS\System32\Wbem;C:\WINDOWS\System32\WindowsPowerShell\v1.0\;C:\WINDOWS\System32\OpenSSH\;C:\Program Files\Git\cmd;C:\Users\DELL\AppData\Local\Programs\Python\Python39\Scripts\;C:\Users\DELL\AppData\Local\Programs\Python\Python39\;C:\Users\DELL\AppData\Local\Microsoft\WindowsApps;C:\Users\DELL\AppData\Local\atom\bin;C:\Users\DELL\AppData\Local\Microsoft\WindowsApps;;C:\Users\DELL\AppData\Local\Programs\Microsoft VS Code\bin
USERNAME=DELL
OS=Windows_NT
PROCESSOR_IDENTIFIER=Intel64 Family 6 Model 142 Stepping 10, GenuineIntel



---------------  S Y S T E M  ---------------

OS: Windows 10 , 64 bit Build 19041 (10.0.19041.928)
OS uptime: 32 days 20:49 hours

CPU:total 8 (initial active 8) (4 cores per cpu, 2 threads per core) family 6 model 142 stepping 10, cmov, cx8, fxsr, mmx, sse, sse2, sse3, ssse3, sse4.1, sse4.2, popcnt, avx, avx2, aes, clmul, erms, 3dnowpref, lzcnt, ht, tsc, tscinvbit, bmi1, bmi2, adx, fma

Memory: 4k page, system-wide physical 8025M (690M free)
TotalPageFile size 32601M (AvailPageFile size 5M)
current process WorkingSet (physical memory assigned to process): 325M, peak: 330M
current process commit charge ("private bytes"): 370M, peak: 374M

vm_info: OpenJDK 64-Bit Server VM (11.0.8+10-b944.6842174) for windows-amd64 JRE (11.0.8+10-b944.6842174), built on Sep 19 2020 01:11:42 by "builder" with MS VC++ 14.0 (VS2015)

END.
